This file contains any messages produced by compilers while
running configure, to aid debugging if configure makes a mistake.

It was created by configure, which was
generated by GNU Autoconf 2.63.  Invocation command line was

  $ ./configure 

## --------- ##
## Platform. ##
## --------- ##

hostname = 
uname -m = amd64
uname -r = 7.3-RELEASE-p7
uname -s = FreeBSD
uname -v = FreeBSD 7.3-RELEASE-p7 #0: Tue Sep 27 13:10:21 UTC 2011     root@amd64-builder.daemonology.net:/usr/obj/usr/src/sys/GENERIC 

/usr/bin/uname -p = amd64
/bin/uname -X     = unknown

/bin/arch              = unknown
/usr/bin/arch -k       = unknown
/usr/convex/getsysinfo = unknown
/usr/bin/hostinfo      = unknown
/bin/machine           = unknown
/usr/bin/oslevel       = unknown
/bin/universe          = unknown

PATH: /sbin
PATH: /bin
PATH: /usr/sbin
PATH: /usr/bin
PATH: /usr/games
PATH: /usr/local/sbin
PATH: /usr/local/bin
PATH: /home/wuzexiang/bin


## ----------- ##
## Core tests. ##
## ----------- ##

configure:2077: checking for a BSD-compatible install
configure:2145: result: /usr/bin/install -c
configure:2156: checking whether build environment is sane
configure:2199: result: yes
configure:2224: checking for a thread-safe mkdir -p
configure:2263: result: ./install-sh -c -d
configure:2276: checking for gawk
configure:2306: result: no
configure:2276: checking for mawk
configure:2306: result: no
configure:2276: checking for nawk
configure:2292: found /usr/bin/nawk
configure:2303: result: nawk
configure:2314: checking whether make sets $(MAKE)
configure:2336: result: yes
configure:2575: checking for gcc
configure:2591: found /usr/bin/gcc
configure:2602: result: gcc
configure:2834: checking for C compiler version
configure:2842: gcc --version >&5
gcc (GCC) 4.2.1 20070719  [FreeBSD]
Copyright (C) 2007 Free Software Foundation, Inc.
This is free software; see the source for copying conditions.  There is NO
warranty; not even for MERCHANTABILITY or FITNESS FOR A PARTICULAR PURPOSE.

configure:2846: $? = 0
configure:2853: gcc -v >&5
Using built-in specs.
Target: amd64-undermydesk-freebsd
Configured with: FreeBSD/amd64 system compiler
Thread model: posix
gcc version 4.2.1 20070719  [FreeBSD]
configure:2857: $? = 0
configure:2864: gcc -V >&5
gcc: '-V' option must have argument
configure:2868: $? = 1
configure:2891: checking for C compiler default output file name
configure:2913: gcc    conftest.c  >&5
configure:2917: $? = 0
configure:2955: result: a.out
configure:2974: checking whether the C compiler works
configure:2984: ./a.out
configure:2988: $? = 0
configure:3007: result: yes
configure:3014: checking whether we are cross compiling
configure:3016: result: no
configure:3019: checking for suffix of executables
configure:3026: gcc -o conftest    conftest.c  >&5
configure:3030: $? = 0
configure:3056: result: 
configure:3062: checking for suffix of object files
configure:3088: gcc -c   conftest.c >&5
configure:3092: $? = 0
configure:3117: result: o
configure:3121: checking whether we are using the GNU C compiler
configure:3150: gcc -c   conftest.c >&5
configure:3157: $? = 0
configure:3174: result: yes
configure:3183: checking whether gcc accepts -g
configure:3213: gcc -c -g  conftest.c >&5
configure:3220: $? = 0
configure:3321: result: yes
configure:3338: checking for gcc option to accept ISO C89
configure:3412: gcc  -c -g -O2  conftest.c >&5
configure:3419: $? = 0
configure:3442: result: none needed
configure:3471: checking for style of include used by make
configure:3499: result: GNU
configure:3524: checking dependency style of gcc
configure:3615: result: none
configure:3644: checking for a BSD-compatible install
configure:3712: result: /usr/bin/install -c
configure:3723: checking whether ln -s works
configure:3727: result: yes
configure:3741: checking how to run the C preprocessor
configure:3781: gcc -E  conftest.c
configure:3788: $? = 0
configure:3819: gcc -E  conftest.c
conftest.c:10:28: error: ac_nonexistent.h: No such file or directory
configure:3826: $? = 1
configure: failed program was:
| /* confdefs.h.  */
| #define PACKAGE_NAME ""
| #define PACKAGE_TARNAME ""
| #define PACKAGE_VERSION ""
| #define PACKAGE_STRING ""
| #define PACKAGE_BUGREPORT ""
| #define PACKAGE "libevent"
| #define VERSION "1.4.12-stable"
| /* end confdefs.h.  */
| #include <ac_nonexistent.h>
configure:3859: result: gcc -E
configure:3888: gcc -E  conftest.c
configure:3895: $? = 0
configure:3926: gcc -E  conftest.c
conftest.c:10:28: error: ac_nonexistent.h: No such file or directory
configure:3933: $? = 1
configure: failed program was:
| /* confdefs.h.  */
| #define PACKAGE_NAME ""
| #define PACKAGE_TARNAME ""
| #define PACKAGE_VERSION ""
| #define PACKAGE_STRING ""
| #define PACKAGE_BUGREPORT ""
| #define PACKAGE "libevent"
| #define VERSION "1.4.12-stable"
| /* end confdefs.h.  */
| #include <ac_nonexistent.h>
configure:3973: checking for grep that handles long lines and -e
configure:4033: result: /usr/bin/grep
configure:4038: checking for egrep
configure:4102: result: /usr/bin/grep -E
configure:4108: checking whether gcc needs -traditional
In file included from /usr/include/sys/ioctl.h:81,
                 from /usr/include/sgtty.h:39,
                 from conftest.c:10:
/usr/include/sys/ioctl_compat.h:45:2: warning: #warning "Old BSD tty API used and depends on COMPAT_43TTY. Use termios.h instead"
conftest.c:10:20: error: termio.h: No such file or directory
configure:4150: result: no
configure:4248: checking build system type
configure:4266: result: x86_64-unknown-freebsd7.3
configure:4288: checking host system type
configure:4303: result: x86_64-unknown-freebsd7.3
configure:4325: checking for a sed that does not truncate output
configure:4381: result: /usr/bin/sed
configure:4395: checking for ld used by gcc
configure:4462: result: /usr/bin/ld
configure:4471: checking if the linker (/usr/bin/ld) is GNU ld
configure:4486: result: yes
configure:4491: checking for /usr/bin/ld option to reload object files
configure:4498: result: -r
configure:4516: checking for BSD-compatible nm
configure:4565: result: /usr/bin/nm -B
configure:4569: checking how to recognize dependent libraries
configure:4755: result: pass_all
configure:4998: checking for ANSI C header files
configure:5028: gcc -c -g -O2 -Wall -fno-strict-aliasing  conftest.c >&5
configure:5035: $? = 0
configure:5134: gcc -o conftest -g -O2 -Wall -fno-strict-aliasing   conftest.c  >&5
configure:5138: $? = 0
configure:5144: ./conftest
configure:5148: $? = 0
configure:5166: result: yes
configure:5190: checking for sys/types.h
configure:5211: gcc -c -g -O2 -Wall -fno-strict-aliasing  conftest.c >&5
configure:5218: $? = 0
configure:5235: result: yes
configure:5190: checking for sys/stat.h
configure:5211: gcc -c -g -O2 -Wall -fno-strict-aliasing  conftest.c >&5
configure:5218: $? = 0
configure:5235: result: yes
configure:5190: checking for stdlib.h
configure:5211: gcc -c -g -O2 -Wall -fno-strict-aliasing  conftest.c >&5
configure:5218: $? = 0
configure:5235: result: yes
configure:5190: checking for string.h
configure:5211: gcc -c -g -O2 -Wall -fno-strict-aliasing  conftest.c >&5
configure:5218: $? = 0
configure:5235: result: yes
configure:5190: checking for memory.h
configure:5211: gcc -c -g -O2 -Wall -fno-strict-aliasing  conftest.c >&5
configure:5218: $? = 0
configure:5235: result: yes
configure:5190: checking for strings.h
configure:5211: gcc -c -g -O2 -Wall -fno-strict-aliasing  conftest.c >&5
configure:5218: $? = 0
configure:5235: result: yes
configure:5190: checking for inttypes.h
configure:5211: gcc -c -g -O2 -Wall -fno-strict-aliasing  conftest.c >&5
configure:5218: $? = 0
configure:5235: result: yes
configure:5190: checking for stdint.h
configure:5211: gcc -c -g -O2 -Wall -fno-strict-aliasing  conftest.c >&5
configure:5218: $? = 0
configure:5235: result: yes
configure:5190: checking for unistd.h
configure:5211: gcc -c -g -O2 -Wall -fno-strict-aliasing  conftest.c >&5
configure:5218: $? = 0
configure:5235: result: yes
configure:5265: checking dlfcn.h usability
configure:5282: gcc -c -g -O2 -Wall -fno-strict-aliasing  conftest.c >&5
configure:5289: $? = 0
configure:5303: result: yes
configure:5307: checking dlfcn.h presence
configure:5322: gcc -E  conftest.c
configure:5329: $? = 0
configure:5343: result: yes
configure:5371: checking for dlfcn.h
configure:5380: result: yes
configure:5453: checking for g++
configure:5469: found /usr/bin/g++
configure:5480: result: g++
configure:5507: checking for C++ compiler version
configure:5515: g++ --version >&5
g++ (GCC) 4.2.1 20070719  [FreeBSD]
Copyright (C) 2007 Free Software Foundation, Inc.
This is free software; see the source for copying conditions.  There is NO
warranty; not even for MERCHANTABILITY or FITNESS FOR A PARTICULAR PURPOSE.

configure:5519: $? = 0
configure:5526: g++ -v >&5
Using built-in specs.
Target: amd64-undermydesk-freebsd
Configured with: FreeBSD/amd64 system compiler
Thread model: posix
gcc version 4.2.1 20070719  [FreeBSD]
configure:5530: $? = 0
configure:5537: g++ -V >&5
g++: '-V' option must have argument
configure:5541: $? = 1
configure:5544: checking whether we are using the GNU C++ compiler
configure:5573: g++ -c   conftest.cpp >&5
configure:5580: $? = 0
configure:5597: result: yes
configure:5606: checking whether g++ accepts -g
configure:5636: g++ -c -g  conftest.cpp >&5
configure:5643: $? = 0
configure:5744: result: yes
configure:5769: checking dependency style of g++
configure:5860: result: none
configure:5885: checking how to run the C++ preprocessor
configure:5921: g++ -E  conftest.cpp
configure:5928: $? = 0
configure:5959: g++ -E  conftest.cpp
conftest.cpp:21:28: error: ac_nonexistent.h: No such file or directory
configure:5966: $? = 1
configure: failed program was:
| /* confdefs.h.  */
| #define PACKAGE_NAME ""
| #define PACKAGE_TARNAME ""
| #define PACKAGE_VERSION ""
| #define PACKAGE_STRING ""
| #define PACKAGE_BUGREPORT ""
| #define PACKAGE "libevent"
| #define VERSION "1.4.12-stable"
| #define STDC_HEADERS 1
| #define HAVE_SYS_TYPES_H 1
| #define HAVE_SYS_STAT_H 1
| #define HAVE_STDLIB_H 1
| #define HAVE_STRING_H 1
| #define HAVE_MEMORY_H 1
| #define HAVE_STRINGS_H 1
| #define HAVE_INTTYPES_H 1
| #define HAVE_STDINT_H 1
| #define HAVE_UNISTD_H 1
| #define HAVE_DLFCN_H 1
| /* end confdefs.h.  */
| #include <ac_nonexistent.h>
configure:5999: result: g++ -E
configure:6028: g++ -E  conftest.cpp
configure:6035: $? = 0
configure:6066: g++ -E  conftest.cpp
conftest.cpp:21:28: error: ac_nonexistent.h: No such file or directory
configure:6073: $? = 1
configure: failed program was:
| /* confdefs.h.  */
| #define PACKAGE_NAME ""
| #define PACKAGE_TARNAME ""
| #define PACKAGE_VERSION ""
| #define PACKAGE_STRING ""
| #define PACKAGE_BUGREPORT ""
| #define PACKAGE "libevent"
| #define VERSION "1.4.12-stable"
| #define STDC_HEADERS 1
| #define HAVE_SYS_TYPES_H 1
| #define HAVE_SYS_STAT_H 1
| #define HAVE_STDLIB_H 1
| #define HAVE_STRING_H 1
| #define HAVE_MEMORY_H 1
| #define HAVE_STRINGS_H 1
| #define HAVE_INTTYPES_H 1
| #define HAVE_STDINT_H 1
| #define HAVE_UNISTD_H 1
| #define HAVE_DLFCN_H 1
| /* end confdefs.h.  */
| #include <ac_nonexistent.h>
configure:6168: checking for g77
configure:6198: result: no
configure:6168: checking for xlf
configure:6198: result: no
configure:6168: checking for f77
configure:6198: result: no
configure:6168: checking for frt
configure:6198: result: no
configure:6168: checking for pgf77
configure:6198: result: no
configure:6168: checking for cf77
configure:6198: result: no
configure:6168: checking for fort77
configure:6198: result: no
configure:6168: checking for fl32
configure:6198: result: no
configure:6168: checking for af77
configure:6198: result: no
configure:6168: checking for xlf90
configure:6198: result: no
configure:6168: checking for f90
configure:6198: result: no
configure:6168: checking for pgf90
configure:6198: result: no
configure:6168: checking for pghpf
configure:6198: result: no
configure:6168: checking for epcf90
configure:6198: result: no
configure:6168: checking for gfortran
configure:6198: result: no
configure:6168: checking for g95
configure:6198: result: no
configure:6168: checking for xlf95
configure:6198: result: no
configure:6168: checking for f95
configure:6198: result: no
configure:6168: checking for fort
configure:6198: result: no
configure:6168: checking for ifort
configure:6198: result: no
configure:6168: checking for ifc
configure:6198: result: no
configure:6168: checking for efc
configure:6198: result: no
configure:6168: checking for pgf95
configure:6198: result: no
configure:6168: checking for lf95
configure:6198: result: no
configure:6168: checking for ftn
configure:6198: result: no
configure:6221: checking for Fortran 77 compiler version
configure:6229:  --version >&5
--version: not found
configure:6233: $? = 127
configure:6240:  -v >&5
-v: not found
configure:6244: $? = 127
configure:6251:  -V >&5
-V: not found
configure:6255: $? = 127
configure:6263: checking whether we are using the GNU Fortran 77 compiler
configure:6282:  -c  conftest.F >&5
-c: not found
configure:6289: $? = 127
configure: failed program was:
|       program main
| #ifndef __GNUC__
|        choke me
| #endif
| 
|       end
configure:6306: result: no
configure:6312: checking whether  accepts -g
configure:6329:  -c -g conftest.f >&5
-c: not found
configure:6336: $? = 127
configure: failed program was:
|       program main
| 
|       end
configure:6352: result: no
configure:6385: checking the maximum length of command line arguments
configure:6497: result: 196608
configure:6509: checking command to parse /usr/bin/nm -B output from gcc object
configure:6614: gcc -c -g -O2 -Wall -fno-strict-aliasing  conftest.c >&5
configure:6617: $? = 0
configure:6621: /usr/bin/nm -B conftest.o \| sed -n -e 's/^.*[ 	]\([ABCDGIRSTW][ABCDGIRSTW]*\)[ 	][ 	]*\([_A-Za-z][_A-Za-z0-9]*\)$/\1 \2 \2/p' \> conftest.nm
configure:6624: $? = 0
configure:6676: gcc -o conftest -g -O2 -Wall -fno-strict-aliasing   conftest.c conftstm.o >&5
configure:6679: $? = 0
configure:6717: result: ok
configure:6721: checking for objdir
configure:6736: result: .libs
configure:6828: checking for ar
configure:6844: found /usr/bin/ar
configure:6855: result: ar
configure:6920: checking for ranlib
configure:6936: found /usr/bin/ranlib
configure:6947: result: ranlib
configure:7012: checking for strip
configure:7028: found /usr/bin/strip
configure:7039: result: strip
configure:7629: checking if gcc supports -fno-rtti -fno-exceptions
configure:7647: gcc -c -g -O2 -Wall -fno-strict-aliasing  -fno-rtti -fno-exceptions conftest.c >&5
cc1: warning: command line option "-fno-rtti" is valid for C++/ObjC++ but not for C
configure:7651: $? = 0
configure:7664: result: no
configure:7679: checking for gcc option to produce PIC
configure:7911: result: -fPIC
configure:7919: checking if gcc PIC flag -fPIC works
configure:7937: gcc -c -g -O2 -Wall -fno-strict-aliasing  -fPIC -DPIC conftest.c >&5
configure:7941: $? = 0
configure:7954: result: yes
configure:7982: checking if gcc static flag -static works
configure:8010: result: yes
configure:8020: checking if gcc supports -c -o file.o
configure:8041: gcc -c -g -O2 -Wall -fno-strict-aliasing  -o out/conftest2.o conftest.c >&5
configure:8045: $? = 0
configure:8067: result: yes
configure:8093: checking whether the gcc linker (/usr/bin/ld) supports shared libraries
configure:9063: result: yes
configure:9084: checking whether -lc should be explicitly linked in
configure:9089: gcc -c -g -O2 -Wall -fno-strict-aliasing  conftest.c >&5
configure:9092: $? = 0
configure:9107: gcc -shared conftest.o  -v -Wl,-soname -Wl,conftest -o conftest 2\>\&1 \| grep  -lc  \>/dev/null 2\>\&1
configure:9110: $? = 0
configure:9122: result: no
configure:9130: checking dynamic linker characteristics
configure:9732: result: freebsd7.3 ld.so
configure:9756: checking how to hardcode library paths into programs
configure:9781: result: immediate
configure:9795: checking whether stripping libraries is possible
configure:9800: result: yes
configure:10630: checking if libtool supports shared libraries
configure:10632: result: yes
configure:10635: checking whether to build shared libraries
configure:10656: result: yes
configure:10659: checking whether to build static libraries
configure:10663: result: yes
configure:10757: creating libtool
configure:11350: checking for ld used by g++
configure:11417: result: /usr/bin/ld
configure:11426: checking if the linker (/usr/bin/ld) is GNU ld
configure:11441: result: yes
configure:11492: checking whether the g++ linker (/usr/bin/ld) supports shared libraries
configure:12446: result: yes
configure:12463: g++ -c -g -O2  conftest.cpp >&5
configure:12466: $? = 0
configure:12622: checking for g++ option to produce PIC
configure:12906: result: -fPIC
configure:12914: checking if g++ PIC flag -fPIC works
configure:12932: g++ -c -g -O2  -fPIC -DPIC conftest.cpp >&5
configure:12936: $? = 0
configure:12949: result: yes
configure:12977: checking if g++ static flag -static works
configure:13005: result: yes
configure:13015: checking if g++ supports -c -o file.o
configure:13036: g++ -c -g -O2  -o out/conftest2.o conftest.cpp >&5
configure:13040: $? = 0
configure:13062: result: yes
configure:13088: checking whether the g++ linker (/usr/bin/ld) supports shared libraries
configure:13114: result: yes
configure:13181: checking dynamic linker characteristics
configure:13731: result: freebsd7.3 ld.so
configure:13755: checking how to hardcode library paths into programs
configure:13780: result: immediate
configure:19985: checking for socket in -lsocket
configure:20020: gcc -o conftest -g -O2 -Wall -fno-strict-aliasing   conftest.c -lsocket   >&5
/usr/bin/ld: cannot find -lsocket
configure:20027: $? = 1
configure: failed program was:
| /* confdefs.h.  */
| #define PACKAGE_NAME ""
| #define PACKAGE_TARNAME ""
| #define PACKAGE_VERSION ""
| #define PACKAGE_STRING ""
| #define PACKAGE_BUGREPORT ""
| #define PACKAGE "libevent"
| #define VERSION "1.4.12-stable"
| #define STDC_HEADERS 1
| #define HAVE_SYS_TYPES_H 1
| #define HAVE_SYS_STAT_H 1
| #define HAVE_STDLIB_H 1
| #define HAVE_STRING_H 1
| #define HAVE_MEMORY_H 1
| #define HAVE_STRINGS_H 1
| #define HAVE_INTTYPES_H 1
| #define HAVE_STDINT_H 1
| #define HAVE_UNISTD_H 1
| #define HAVE_DLFCN_H 1
| /* end confdefs.h.  */
| 
| /* Override any GCC internal prototype to avoid an error.
|    Use char because int might match the return type of a GCC
|    builtin and then its argument prototype would still apply.  */
| #ifdef __cplusplus
| extern "C"
| #endif
| char socket ();
| int
| main ()
| {
| return socket ();
|   ;
|   return 0;
| }
configure:20048: result: no
configure:20060: checking for inet_aton in -lresolv
configure:20095: gcc -o conftest -g -O2 -Wall -fno-strict-aliasing   conftest.c -lresolv   >&5
/usr/bin/ld: cannot find -lresolv
configure:20102: $? = 1
configure: failed program was:
| /* confdefs.h.  */
| #define PACKAGE_NAME ""
| #define PACKAGE_TARNAME ""
| #define PACKAGE_VERSION ""
| #define PACKAGE_STRING ""
| #define PACKAGE_BUGREPORT ""
| #define PACKAGE "libevent"
| #define VERSION "1.4.12-stable"
| #define STDC_HEADERS 1
| #define HAVE_SYS_TYPES_H 1
| #define HAVE_SYS_STAT_H 1
| #define HAVE_STDLIB_H 1
| #define HAVE_STRING_H 1
| #define HAVE_MEMORY_H 1
| #define HAVE_STRINGS_H 1
| #define HAVE_INTTYPES_H 1
| #define HAVE_STDINT_H 1
| #define HAVE_UNISTD_H 1
| #define HAVE_DLFCN_H 1
| /* end confdefs.h.  */
| 
| /* Override any GCC internal prototype to avoid an error.
|    Use char because int might match the return type of a GCC
|    builtin and then its argument prototype would still apply.  */
| #ifdef __cplusplus
| extern "C"
| #endif
| char inet_aton ();
| int
| main ()
| {
| return inet_aton ();
|   ;
|   return 0;
| }
configure:20123: result: no
configure:20135: checking for clock_gettime in -lrt
configure:20170: gcc -o conftest -g -O2 -Wall -fno-strict-aliasing   conftest.c -lrt   >&5
configure:20177: $? = 0
configure:20198: result: yes
configure:20210: checking for inet_ntoa in -lnsl
configure:20245: gcc -o conftest -g -O2 -Wall -fno-strict-aliasing   conftest.c -lnsl  -lrt  >&5
/usr/bin/ld: cannot find -lnsl
configure:20252: $? = 1
configure: failed program was:
| /* confdefs.h.  */
| #define PACKAGE_NAME ""
| #define PACKAGE_TARNAME ""
| #define PACKAGE_VERSION ""
| #define PACKAGE_STRING ""
| #define PACKAGE_BUGREPORT ""
| #define PACKAGE "libevent"
| #define VERSION "1.4.12-stable"
| #define STDC_HEADERS 1
| #define HAVE_SYS_TYPES_H 1
| #define HAVE_SYS_STAT_H 1
| #define HAVE_STDLIB_H 1
| #define HAVE_STRING_H 1
| #define HAVE_MEMORY_H 1
| #define HAVE_STRINGS_H 1
| #define HAVE_INTTYPES_H 1
| #define HAVE_STDINT_H 1
| #define HAVE_UNISTD_H 1
| #define HAVE_DLFCN_H 1
| #define HAVE_LIBRT 1
| /* end confdefs.h.  */
| 
| /* Override any GCC internal prototype to avoid an error.
|    Use char because int might match the return type of a GCC
|    builtin and then its argument prototype would still apply.  */
| #ifdef __cplusplus
| extern "C"
| #endif
| char inet_ntoa ();
| int
| main ()
| {
| return inet_ntoa ();
|   ;
|   return 0;
| }
configure:20273: result: no
configure:20285: checking for ANSI C header files
configure:20453: result: yes
configure:20496: checking fcntl.h usability
configure:20513: gcc -c -g -O2 -Wall -fno-strict-aliasing  conftest.c >&5
configure:20520: $? = 0
configure:20534: result: yes
configure:20538: checking fcntl.h presence
configure:20553: gcc -E  conftest.c
configure:20560: $? = 0
configure:20574: result: yes
configure:20602: checking for fcntl.h
configure:20611: result: yes
configure:20496: checking stdarg.h usability
configure:20513: gcc -c -g -O2 -Wall -fno-strict-aliasing  conftest.c >&5
configure:20520: $? = 0
configure:20534: result: yes
configure:20538: checking stdarg.h presence
configure:20553: gcc -E  conftest.c
configure:20560: $? = 0
configure:20574: result: yes
configure:20602: checking for stdarg.h
configure:20611: result: yes
configure:20485: checking for inttypes.h
configure:20492: result: yes
configure:20485: checking for stdint.h
configure:20492: result: yes
configure:20496: checking poll.h usability
configure:20513: gcc -c -g -O2 -Wall -fno-strict-aliasing  conftest.c >&5
configure:20520: $? = 0
configure:20534: result: yes
configure:20538: checking poll.h presence
configure:20553: gcc -E  conftest.c
configure:20560: $? = 0
configure:20574: result: yes
configure:20602: checking for poll.h
configure:20611: result: yes
configure:20496: checking signal.h usability
configure:20513: gcc -c -g -O2 -Wall -fno-strict-aliasing  conftest.c >&5
configure:20520: $? = 0
configure:20534: result: yes
configure:20538: checking signal.h presence
configure:20553: gcc -E  conftest.c
configure:20560: $? = 0
configure:20574: result: yes
configure:20602: checking for signal.h
configure:20611: result: yes
configure:20485: checking for unistd.h
configure:20492: result: yes
configure:20496: checking sys/epoll.h usability
configure:20513: gcc -c -g -O2 -Wall -fno-strict-aliasing  conftest.c >&5
conftest.c:63:23: error: sys/epoll.h: No such file or directory
configure:20520: $? = 1
configure: failed program was:
| /* confdefs.h.  */
| #define PACKAGE_NAME ""
| #define PACKAGE_TARNAME ""
| #define PACKAGE_VERSION ""
| #define PACKAGE_STRING ""
| #define PACKAGE_BUGREPORT ""
| #define PACKAGE "libevent"
| #define VERSION "1.4.12-stable"
| #define STDC_HEADERS 1
| #define HAVE_SYS_TYPES_H 1
| #define HAVE_SYS_STAT_H 1
| #define HAVE_STDLIB_H 1
| #define HAVE_STRING_H 1
| #define HAVE_MEMORY_H 1
| #define HAVE_STRINGS_H 1
| #define HAVE_INTTYPES_H 1
| #define HAVE_STDINT_H 1
| #define HAVE_UNISTD_H 1
| #define HAVE_DLFCN_H 1
| #define HAVE_LIBRT 1
| #define STDC_HEADERS 1
| #define HAVE_FCNTL_H 1
| #define HAVE_STDARG_H 1
| #define HAVE_INTTYPES_H 1
| #define HAVE_STDINT_H 1
| #define HAVE_POLL_H 1
| #define HAVE_SIGNAL_H 1
| #define HAVE_UNISTD_H 1
| /* end confdefs.h.  */
| #include <stdio.h>
| #ifdef HAVE_SYS_TYPES_H
| # include <sys/types.h>
| #endif
| #ifdef HAVE_SYS_STAT_H
| # include <sys/stat.h>
| #endif
| #ifdef STDC_HEADERS
| # include <stdlib.h>
| # include <stddef.h>
| #else
| # ifdef HAVE_STDLIB_H
| #  include <stdlib.h>
| # endif
| #endif
| #ifdef HAVE_STRING_H
| # if !defined STDC_HEADERS && defined HAVE_MEMORY_H
| #  include <memory.h>
| # endif
| # include <string.h>
| #endif
| #ifdef HAVE_STRINGS_H
| # include <strings.h>
| #endif
| #ifdef HAVE_INTTYPES_H
| # include <inttypes.h>
| #endif
| #ifdef HAVE_STDINT_H
| # include <stdint.h>
| #endif
| #ifdef HAVE_UNISTD_H
| # include <unistd.h>
| #endif
| #include <sys/epoll.h>
configure:20534: result: no
configure:20538: checking sys/epoll.h presence
configure:20553: gcc -E  conftest.c
conftest.c:30:23: error: sys/epoll.h: No such file or directory
configure:20560: $? = 1
configure: failed program was:
| /* confdefs.h.  */
| #define PACKAGE_NAME ""
| #define PACKAGE_TARNAME ""
| #define PACKAGE_VERSION ""
| #define PACKAGE_STRING ""
| #define PACKAGE_BUGREPORT ""
| #define PACKAGE "libevent"
| #define VERSION "1.4.12-stable"
| #define STDC_HEADERS 1
| #define HAVE_SYS_TYPES_H 1
| #define HAVE_SYS_STAT_H 1
| #define HAVE_STDLIB_H 1
| #define HAVE_STRING_H 1
| #define HAVE_MEMORY_H 1
| #define HAVE_STRINGS_H 1
| #define HAVE_INTTYPES_H 1
| #define HAVE_STDINT_H 1
| #define HAVE_UNISTD_H 1
| #define HAVE_DLFCN_H 1
| #define HAVE_LIBRT 1
| #define STDC_HEADERS 1
| #define HAVE_FCNTL_H 1
| #define HAVE_STDARG_H 1
| #define HAVE_INTTYPES_H 1
| #define HAVE_STDINT_H 1
| #define HAVE_POLL_H 1
| #define HAVE_SIGNAL_H 1
| #define HAVE_UNISTD_H 1
| /* end confdefs.h.  */
| #include <sys/epoll.h>
configure:20574: result: no
configure:20602: checking for sys/epoll.h
configure:20611: result: no
configure:20496: checking sys/time.h usability
configure:20513: gcc -c -g -O2 -Wall -fno-strict-aliasing  conftest.c >&5
configure:20520: $? = 0
configure:20534: result: yes
configure:20538: checking sys/time.h presence
configure:20553: gcc -E  conftest.c
configure:20560: $? = 0
configure:20574: result: yes
configure:20602: checking for sys/time.h
configure:20611: result: yes
configure:20496: checking sys/queue.h usability
configure:20513: gcc -c -g -O2 -Wall -fno-strict-aliasing  conftest.c >&5
configure:20520: $? = 0
configure:20534: result: yes
configure:20538: checking sys/queue.h presence
configure:20553: gcc -E  conftest.c
configure:20560: $? = 0
configure:20574: result: yes
configure:20602: checking for sys/queue.h
configure:20611: result: yes
configure:20496: checking sys/event.h usability
configure:20513: gcc -c -g -O2 -Wall -fno-strict-aliasing  conftest.c >&5
configure:20520: $? = 0
configure:20534: result: yes
configure:20538: checking sys/event.h presence
configure:20553: gcc -E  conftest.c
configure:20560: $? = 0
configure:20574: result: yes
configure:20602: checking for sys/event.h
configure:20611: result: yes
configure:20496: checking sys/param.h usability
configure:20513: gcc -c -g -O2 -Wall -fno-strict-aliasing  conftest.c >&5
configure:20520: $? = 0
configure:20534: result: yes
configure:20538: checking sys/param.h presence
configure:20553: gcc -E  conftest.c
configure:20560: $? = 0
configure:20574: result: yes
configure:20602: checking for sys/param.h
configure:20611: result: yes
configure:20496: checking sys/ioctl.h usability
configure:20513: gcc -c -g -O2 -Wall -fno-strict-aliasing  conftest.c >&5
configure:20520: $? = 0
configure:20534: result: yes
configure:20538: checking sys/ioctl.h presence
configure:20553: gcc -E  conftest.c
configure:20560: $? = 0
configure:20574: result: yes
configure:20602: checking for sys/ioctl.h
configure:20611: result: yes
configure:20496: checking sys/select.h usability
configure:20513: gcc -c -g -O2 -Wall -fno-strict-aliasing  conftest.c >&5
configure:20520: $? = 0
configure:20534: result: yes
configure:20538: checking sys/select.h presence
configure:20553: gcc -E  conftest.c
configure:20560: $? = 0
configure:20574: result: yes
configure:20602: checking for sys/select.h
configure:20611: result: yes
configure:20496: checking sys/devpoll.h usability
configure:20513: gcc -c -g -O2 -Wall -fno-strict-aliasing  conftest.c >&5
conftest.c:69:25: error: sys/devpoll.h: No such file or directory
configure:20520: $? = 1
configure: failed program was:
| /* confdefs.h.  */
| #define PACKAGE_NAME ""
| #define PACKAGE_TARNAME ""
| #define PACKAGE_VERSION ""
| #define PACKAGE_STRING ""
| #define PACKAGE_BUGREPORT ""
| #define PACKAGE "libevent"
| #define VERSION "1.4.12-stable"
| #define STDC_HEADERS 1
| #define HAVE_SYS_TYPES_H 1
| #define HAVE_SYS_STAT_H 1
| #define HAVE_STDLIB_H 1
| #define HAVE_STRING_H 1
| #define HAVE_MEMORY_H 1
| #define HAVE_STRINGS_H 1
| #define HAVE_INTTYPES_H 1
| #define HAVE_STDINT_H 1
| #define HAVE_UNISTD_H 1
| #define HAVE_DLFCN_H 1
| #define HAVE_LIBRT 1
| #define STDC_HEADERS 1
| #define HAVE_FCNTL_H 1
| #define HAVE_STDARG_H 1
| #define HAVE_INTTYPES_H 1
| #define HAVE_STDINT_H 1
| #define HAVE_POLL_H 1
| #define HAVE_SIGNAL_H 1
| #define HAVE_UNISTD_H 1
| #define HAVE_SYS_TIME_H 1
| #define HAVE_SYS_QUEUE_H 1
| #define HAVE_SYS_EVENT_H 1
| #define HAVE_SYS_PARAM_H 1
| #define HAVE_SYS_IOCTL_H 1
| #define HAVE_SYS_SELECT_H 1
| /* end confdefs.h.  */
| #include <stdio.h>
| #ifdef HAVE_SYS_TYPES_H
| # include <sys/types.h>
| #endif
| #ifdef HAVE_SYS_STAT_H
| # include <sys/stat.h>
| #endif
| #ifdef STDC_HEADERS
| # include <stdlib.h>
| # include <stddef.h>
| #else
| # ifdef HAVE_STDLIB_H
| #  include <stdlib.h>
| # endif
| #endif
| #ifdef HAVE_STRING_H
| # if !defined STDC_HEADERS && defined HAVE_MEMORY_H
| #  include <memory.h>
| # endif
| # include <string.h>
| #endif
| #ifdef HAVE_STRINGS_H
| # include <strings.h>
| #endif
| #ifdef HAVE_INTTYPES_H
| # include <inttypes.h>
| #endif
| #ifdef HAVE_STDINT_H
| # include <stdint.h>
| #endif
| #ifdef HAVE_UNISTD_H
| # include <unistd.h>
| #endif
| #include <sys/devpoll.h>
configure:20534: result: no
configure:20538: checking sys/devpoll.h presence
configure:20553: gcc -E  conftest.c
conftest.c:36:25: error: sys/devpoll.h: No such file or directory
configure:20560: $? = 1
configure: failed program was:
| /* confdefs.h.  */
| #define PACKAGE_NAME ""
| #define PACKAGE_TARNAME ""
| #define PACKAGE_VERSION ""
| #define PACKAGE_STRING ""
| #define PACKAGE_BUGREPORT ""
| #define PACKAGE "libevent"
| #define VERSION "1.4.12-stable"
| #define STDC_HEADERS 1
| #define HAVE_SYS_TYPES_H 1
| #define HAVE_SYS_STAT_H 1
| #define HAVE_STDLIB_H 1
| #define HAVE_STRING_H 1
| #define HAVE_MEMORY_H 1
| #define HAVE_STRINGS_H 1
| #define HAVE_INTTYPES_H 1
| #define HAVE_STDINT_H 1
| #define HAVE_UNISTD_H 1
| #define HAVE_DLFCN_H 1
| #define HAVE_LIBRT 1
| #define STDC_HEADERS 1
| #define HAVE_FCNTL_H 1
| #define HAVE_STDARG_H 1
| #define HAVE_INTTYPES_H 1
| #define HAVE_STDINT_H 1
| #define HAVE_POLL_H 1
| #define HAVE_SIGNAL_H 1
| #define HAVE_UNISTD_H 1
| #define HAVE_SYS_TIME_H 1
| #define HAVE_SYS_QUEUE_H 1
| #define HAVE_SYS_EVENT_H 1
| #define HAVE_SYS_PARAM_H 1
| #define HAVE_SYS_IOCTL_H 1
| #define HAVE_SYS_SELECT_H 1
| /* end confdefs.h.  */
| #include <sys/devpoll.h>
configure:20574: result: no
configure:20602: checking for sys/devpoll.h
configure:20611: result: no
configure:20496: checking port.h usability
configure:20513: gcc -c -g -O2 -Wall -fno-strict-aliasing  conftest.c >&5
conftest.c:69:18: error: port.h: No such file or directory
configure:20520: $? = 1
configure: failed program was:
| /* confdefs.h.  */
| #define PACKAGE_NAME ""
| #define PACKAGE_TARNAME ""
| #define PACKAGE_VERSION ""
| #define PACKAGE_STRING ""
| #define PACKAGE_BUGREPORT ""
| #define PACKAGE "libevent"
| #define VERSION "1.4.12-stable"
| #define STDC_HEADERS 1
| #define HAVE_SYS_TYPES_H 1
| #define HAVE_SYS_STAT_H 1
| #define HAVE_STDLIB_H 1
| #define HAVE_STRING_H 1
| #define HAVE_MEMORY_H 1
| #define HAVE_STRINGS_H 1
| #define HAVE_INTTYPES_H 1
| #define HAVE_STDINT_H 1
| #define HAVE_UNISTD_H 1
| #define HAVE_DLFCN_H 1
| #define HAVE_LIBRT 1
| #define STDC_HEADERS 1
| #define HAVE_FCNTL_H 1
| #define HAVE_STDARG_H 1
| #define HAVE_INTTYPES_H 1
| #define HAVE_STDINT_H 1
| #define HAVE_POLL_H 1
| #define HAVE_SIGNAL_H 1
| #define HAVE_UNISTD_H 1
| #define HAVE_SYS_TIME_H 1
| #define HAVE_SYS_QUEUE_H 1
| #define HAVE_SYS_EVENT_H 1
| #define HAVE_SYS_PARAM_H 1
| #define HAVE_SYS_IOCTL_H 1
| #define HAVE_SYS_SELECT_H 1
| /* end confdefs.h.  */
| #include <stdio.h>
| #ifdef HAVE_SYS_TYPES_H
| # include <sys/types.h>
| #endif
| #ifdef HAVE_SYS_STAT_H
| # include <sys/stat.h>
| #endif
| #ifdef STDC_HEADERS
| # include <stdlib.h>
| # include <stddef.h>
| #else
| # ifdef HAVE_STDLIB_H
| #  include <stdlib.h>
| # endif
| #endif
| #ifdef HAVE_STRING_H
| # if !defined STDC_HEADERS && defined HAVE_MEMORY_H
| #  include <memory.h>
| # endif
| # include <string.h>
| #endif
| #ifdef HAVE_STRINGS_H
| # include <strings.h>
| #endif
| #ifdef HAVE_INTTYPES_H
| # include <inttypes.h>
| #endif
| #ifdef HAVE_STDINT_H
| # include <stdint.h>
| #endif
| #ifdef HAVE_UNISTD_H
| # include <unistd.h>
| #endif
| #include <port.h>
configure:20534: result: no
configure:20538: checking port.h presence
configure:20553: gcc -E  conftest.c
conftest.c:36:18: error: port.h: No such file or directory
configure:20560: $? = 1
configure: failed program was:
| /* confdefs.h.  */
| #define PACKAGE_NAME ""
| #define PACKAGE_TARNAME ""
| #define PACKAGE_VERSION ""
| #define PACKAGE_STRING ""
| #define PACKAGE_BUGREPORT ""
| #define PACKAGE "libevent"
| #define VERSION "1.4.12-stable"
| #define STDC_HEADERS 1
| #define HAVE_SYS_TYPES_H 1
| #define HAVE_SYS_STAT_H 1
| #define HAVE_STDLIB_H 1
| #define HAVE_STRING_H 1
| #define HAVE_MEMORY_H 1
| #define HAVE_STRINGS_H 1
| #define HAVE_INTTYPES_H 1
| #define HAVE_STDINT_H 1
| #define HAVE_UNISTD_H 1
| #define HAVE_DLFCN_H 1
| #define HAVE_LIBRT 1
| #define STDC_HEADERS 1
| #define HAVE_FCNTL_H 1
| #define HAVE_STDARG_H 1
| #define HAVE_INTTYPES_H 1
| #define HAVE_STDINT_H 1
| #define HAVE_POLL_H 1
| #define HAVE_SIGNAL_H 1
| #define HAVE_UNISTD_H 1
| #define HAVE_SYS_TIME_H 1
| #define HAVE_SYS_QUEUE_H 1
| #define HAVE_SYS_EVENT_H 1
| #define HAVE_SYS_PARAM_H 1
| #define HAVE_SYS_IOCTL_H 1
| #define HAVE_SYS_SELECT_H 1
| /* end confdefs.h.  */
| #include <port.h>
configure:20574: result: no
configure:20602: checking for port.h
configure:20611: result: no
configure:20496: checking netinet/in6.h usability
configure:20513: gcc -c -g -O2 -Wall -fno-strict-aliasing  conftest.c >&5
conftest.c:69:25: error: netinet/in6.h: No such file or directory
configure:20520: $? = 1
configure: failed program was:
| /* confdefs.h.  */
| #define PACKAGE_NAME ""
| #define PACKAGE_TARNAME ""
| #define PACKAGE_VERSION ""
| #define PACKAGE_STRING ""
| #define PACKAGE_BUGREPORT ""
| #define PACKAGE "libevent"
| #define VERSION "1.4.12-stable"
| #define STDC_HEADERS 1
| #define HAVE_SYS_TYPES_H 1
| #define HAVE_SYS_STAT_H 1
| #define HAVE_STDLIB_H 1
| #define HAVE_STRING_H 1
| #define HAVE_MEMORY_H 1
| #define HAVE_STRINGS_H 1
| #define HAVE_INTTYPES_H 1
| #define HAVE_STDINT_H 1
| #define HAVE_UNISTD_H 1
| #define HAVE_DLFCN_H 1
| #define HAVE_LIBRT 1
| #define STDC_HEADERS 1
| #define HAVE_FCNTL_H 1
| #define HAVE_STDARG_H 1
| #define HAVE_INTTYPES_H 1
| #define HAVE_STDINT_H 1
| #define HAVE_POLL_H 1
| #define HAVE_SIGNAL_H 1
| #define HAVE_UNISTD_H 1
| #define HAVE_SYS_TIME_H 1
| #define HAVE_SYS_QUEUE_H 1
| #define HAVE_SYS_EVENT_H 1
| #define HAVE_SYS_PARAM_H 1
| #define HAVE_SYS_IOCTL_H 1
| #define HAVE_SYS_SELECT_H 1
| /* end confdefs.h.  */
| #include <stdio.h>
| #ifdef HAVE_SYS_TYPES_H
| # include <sys/types.h>
| #endif
| #ifdef HAVE_SYS_STAT_H
| # include <sys/stat.h>
| #endif
| #ifdef STDC_HEADERS
| # include <stdlib.h>
| # include <stddef.h>
| #else
| # ifdef HAVE_STDLIB_H
| #  include <stdlib.h>
| # endif
| #endif
| #ifdef HAVE_STRING_H
| # if !defined STDC_HEADERS && defined HAVE_MEMORY_H
| #  include <memory.h>
| # endif
| # include <string.h>
| #endif
| #ifdef HAVE_STRINGS_H
| # include <strings.h>
| #endif
| #ifdef HAVE_INTTYPES_H
| # include <inttypes.h>
| #endif
| #ifdef HAVE_STDINT_H
| # include <stdint.h>
| #endif
| #ifdef HAVE_UNISTD_H
| # include <unistd.h>
| #endif
| #include <netinet/in6.h>
configure:20534: result: no
configure:20538: checking netinet/in6.h presence
configure:20553: gcc -E  conftest.c
conftest.c:36:25: error: netinet/in6.h: No such file or directory
configure:20560: $? = 1
configure: failed program was:
| /* confdefs.h.  */
| #define PACKAGE_NAME ""
| #define PACKAGE_TARNAME ""
| #define PACKAGE_VERSION ""
| #define PACKAGE_STRING ""
| #define PACKAGE_BUGREPORT ""
| #define PACKAGE "libevent"
| #define VERSION "1.4.12-stable"
| #define STDC_HEADERS 1
| #define HAVE_SYS_TYPES_H 1
| #define HAVE_SYS_STAT_H 1
| #define HAVE_STDLIB_H 1
| #define HAVE_STRING_H 1
| #define HAVE_MEMORY_H 1
| #define HAVE_STRINGS_H 1
| #define HAVE_INTTYPES_H 1
| #define HAVE_STDINT_H 1
| #define HAVE_UNISTD_H 1
| #define HAVE_DLFCN_H 1
| #define HAVE_LIBRT 1
| #define STDC_HEADERS 1
| #define HAVE_FCNTL_H 1
| #define HAVE_STDARG_H 1
| #define HAVE_INTTYPES_H 1
| #define HAVE_STDINT_H 1
| #define HAVE_POLL_H 1
| #define HAVE_SIGNAL_H 1
| #define HAVE_UNISTD_H 1
| #define HAVE_SYS_TIME_H 1
| #define HAVE_SYS_QUEUE_H 1
| #define HAVE_SYS_EVENT_H 1
| #define HAVE_SYS_PARAM_H 1
| #define HAVE_SYS_IOCTL_H 1
| #define HAVE_SYS_SELECT_H 1
| /* end confdefs.h.  */
| #include <netinet/in6.h>
configure:20574: result: no
configure:20602: checking for netinet/in6.h
configure:20611: result: no
configure:20496: checking sys/socket.h usability
configure:20513: gcc -c -g -O2 -Wall -fno-strict-aliasing  conftest.c >&5
configure:20520: $? = 0
configure:20534: result: yes
configure:20538: checking sys/socket.h presence
configure:20553: gcc -E  conftest.c
configure:20560: $? = 0
configure:20574: result: yes
configure:20602: checking for sys/socket.h
configure:20611: result: yes
configure:20627: checking for TAILQ_FOREACH in sys/queue.h
configure:20644: result: yes
configure:20661: checking for timeradd in sys/time.h
configure:20683: result: yes
configure:20695: checking for timercmp in sys/time.h
configure:20717: result: yes
configure:20729: checking for timerclear in sys/time.h
configure:20751: result: yes
configure:20763: checking for timerisset in sys/time.h
configure:20785: result: yes
configure:20796: checking for WIN32
configure:20823: gcc -c -g -O2 -Wall -fno-strict-aliasing  conftest.c >&5
conftest.c: In function 'main':
conftest.c:48: error: 'die' undeclared (first use in this function)
conftest.c:48: error: (Each undeclared identifier is reported only once
conftest.c:48: error: for each function it appears in.)
conftest.c:48: error: expected ';' before 'horribly'
configure:20830: $? = 1
configure: failed program was:
| /* confdefs.h.  */
| #define PACKAGE_NAME ""
| #define PACKAGE_TARNAME ""
| #define PACKAGE_VERSION ""
| #define PACKAGE_STRING ""
| #define PACKAGE_BUGREPORT ""
| #define PACKAGE "libevent"
| #define VERSION "1.4.12-stable"
| #define STDC_HEADERS 1
| #define HAVE_SYS_TYPES_H 1
| #define HAVE_SYS_STAT_H 1
| #define HAVE_STDLIB_H 1
| #define HAVE_STRING_H 1
| #define HAVE_MEMORY_H 1
| #define HAVE_STRINGS_H 1
| #define HAVE_INTTYPES_H 1
| #define HAVE_STDINT_H 1
| #define HAVE_UNISTD_H 1
| #define HAVE_DLFCN_H 1
| #define HAVE_LIBRT 1
| #define STDC_HEADERS 1
| #define HAVE_FCNTL_H 1
| #define HAVE_STDARG_H 1
| #define HAVE_INTTYPES_H 1
| #define HAVE_STDINT_H 1
| #define HAVE_POLL_H 1
| #define HAVE_SIGNAL_H 1
| #define HAVE_UNISTD_H 1
| #define HAVE_SYS_TIME_H 1
| #define HAVE_SYS_QUEUE_H 1
| #define HAVE_SYS_EVENT_H 1
| #define HAVE_SYS_PARAM_H 1
| #define HAVE_SYS_IOCTL_H 1
| #define HAVE_SYS_SELECT_H 1
| #define HAVE_SYS_SOCKET_H 1
| #define HAVE_TAILQFOREACH 1
| #define HAVE_TIMERADD 1
| #define HAVE_TIMERCMP 1
| #define HAVE_TIMERCLEAR 1
| #define HAVE_TIMERISSET 1
| /* end confdefs.h.  */
| 
| int
| main ()
| {
| 
| #ifndef WIN32
| die horribly
| #endif
| 
|   ;
|   return 0;
| }
configure:20841: result: no
configure:20856: checking for an ANSI C-conforming const
configure:20931: gcc -c -g -O2 -Wall -fno-strict-aliasing  conftest.c >&5
conftest.c: In function 'main':
conftest.c:71: warning: 't' is used uninitialized in this function
conftest.c:87: warning: 'b' is used uninitialized in this function
conftest.c:93: warning: 'cs[0]' is used uninitialized in this function
configure:20938: $? = 0
configure:20953: result: yes
configure:20963: checking for inline
configure:20989: gcc -c -g -O2 -Wall -fno-strict-aliasing  conftest.c >&5
configure:20996: $? = 0
configure:21014: result: inline
configure:21033: checking whether time.h and sys/time.h may both be included
configure:21063: gcc -c -g -O2 -Wall -fno-strict-aliasing  conftest.c >&5
configure:21070: $? = 0
configure:21085: result: yes
configure:21112: checking for gettimeofday
configure:21168: gcc -o conftest -g -O2 -Wall -fno-strict-aliasing   conftest.c -lrt  >&5
configure:21175: $? = 0
configure:21197: result: yes
configure:21112: checking for vasprintf
configure:21168: gcc -o conftest -g -O2 -Wall -fno-strict-aliasing   conftest.c -lrt  >&5
configure:21175: $? = 0
configure:21197: result: yes
configure:21112: checking for fcntl
configure:21168: gcc -o conftest -g -O2 -Wall -fno-strict-aliasing   conftest.c -lrt  >&5
configure:21175: $? = 0
configure:21197: result: yes
configure:21112: checking for clock_gettime
configure:21168: gcc -o conftest -g -O2 -Wall -fno-strict-aliasing   conftest.c -lrt  >&5
configure:21175: $? = 0
configure:21197: result: yes
configure:21112: checking for strtok_r
configure:21168: gcc -o conftest -g -O2 -Wall -fno-strict-aliasing   conftest.c -lrt  >&5
configure:21175: $? = 0
configure:21197: result: yes
configure:21112: checking for strsep
configure:21168: gcc -o conftest -g -O2 -Wall -fno-strict-aliasing   conftest.c -lrt  >&5
configure:21175: $? = 0
configure:21197: result: yes
configure:21112: checking for getaddrinfo
configure:21168: gcc -o conftest -g -O2 -Wall -fno-strict-aliasing   conftest.c -lrt  >&5
configure:21175: $? = 0
configure:21197: result: yes
configure:21112: checking for getnameinfo
configure:21168: gcc -o conftest -g -O2 -Wall -fno-strict-aliasing   conftest.c -lrt  >&5
configure:21175: $? = 0
configure:21197: result: yes
configure:21112: checking for strlcpy
configure:21168: gcc -o conftest -g -O2 -Wall -fno-strict-aliasing   conftest.c -lrt  >&5
configure:21175: $? = 0
configure:21197: result: yes
configure:21112: checking for inet_ntop
configure:21168: gcc -o conftest -g -O2 -Wall -fno-strict-aliasing   conftest.c -lrt  >&5
configure:21175: $? = 0
configure:21197: result: yes
configure:21112: checking for signal
configure:21168: gcc -o conftest -g -O2 -Wall -fno-strict-aliasing   conftest.c -lrt  >&5
configure:21175: $? = 0
configure:21197: result: yes
configure:21112: checking for sigaction
configure:21168: gcc -o conftest -g -O2 -Wall -fno-strict-aliasing   conftest.c -lrt  >&5
configure:21175: $? = 0
configure:21197: result: yes
configure:21112: checking for strtoll
configure:21168: gcc -o conftest -g -O2 -Wall -fno-strict-aliasing   conftest.c -lrt  >&5
configure:21175: $? = 0
configure:21197: result: yes
configure:21214: checking size of long
configure:21519: gcc -o conftest -g -O2 -Wall -fno-strict-aliasing   conftest.c -lrt  >&5
configure:21523: $? = 0
configure:21529: ./conftest
configure:21533: $? = 0
configure:21559: result: 8
configure:21584: checking for F_SETFD in fcntl.h
configure:21607: result: yes
configure:21622: checking for select
configure:21678: gcc -o conftest -g -O2 -Wall -fno-strict-aliasing   conftest.c -lrt  >&5
configure:21685: $? = 0
configure:21707: result: yes
configure:21734: checking for poll
configure:21790: gcc -o conftest -g -O2 -Wall -fno-strict-aliasing   conftest.c -lrt  >&5
configure:21797: $? = 0
configure:21819: result: yes
configure:21846: checking for epoll_ctl
configure:21902: gcc -o conftest -g -O2 -Wall -fno-strict-aliasing   conftest.c -lrt  >&5
/var/tmp//cclGqeQ3.o(.text+0x7): In function `main':
/home/wuzexiang/xy3project/trunk/3rd/libevent-1.4.12-stable/conftest.c:95: undefined reference to `epoll_ctl'
configure:21909: $? = 1
configure: failed program was:
| /* confdefs.h.  */
| #define PACKAGE_NAME ""
| #define PACKAGE_TARNAME ""
| #define PACKAGE_VERSION ""
| #define PACKAGE_STRING ""
| #define PACKAGE_BUGREPORT ""
| #define PACKAGE "libevent"
| #define VERSION "1.4.12-stable"
| #define STDC_HEADERS 1
| #define HAVE_SYS_TYPES_H 1
| #define HAVE_SYS_STAT_H 1
| #define HAVE_STDLIB_H 1
| #define HAVE_STRING_H 1
| #define HAVE_MEMORY_H 1
| #define HAVE_STRINGS_H 1
| #define HAVE_INTTYPES_H 1
| #define HAVE_STDINT_H 1
| #define HAVE_UNISTD_H 1
| #define HAVE_DLFCN_H 1
| #define HAVE_LIBRT 1
| #define STDC_HEADERS 1
| #define HAVE_FCNTL_H 1
| #define HAVE_STDARG_H 1
| #define HAVE_INTTYPES_H 1
| #define HAVE_STDINT_H 1
| #define HAVE_POLL_H 1
| #define HAVE_SIGNAL_H 1
| #define HAVE_UNISTD_H 1
| #define HAVE_SYS_TIME_H 1
| #define HAVE_SYS_QUEUE_H 1
| #define HAVE_SYS_EVENT_H 1
| #define HAVE_SYS_PARAM_H 1
| #define HAVE_SYS_IOCTL_H 1
| #define HAVE_SYS_SELECT_H 1
| #define HAVE_SYS_SOCKET_H 1
| #define HAVE_TAILQFOREACH 1
| #define HAVE_TIMERADD 1
| #define HAVE_TIMERCMP 1
| #define HAVE_TIMERCLEAR 1
| #define HAVE_TIMERISSET 1
| #define TIME_WITH_SYS_TIME 1
| #define HAVE_GETTIMEOFDAY 1
| #define HAVE_VASPRINTF 1
| #define HAVE_FCNTL 1
| #define HAVE_CLOCK_GETTIME 1
| #define HAVE_STRTOK_R 1
| #define HAVE_STRSEP 1
| #define HAVE_GETADDRINFO 1
| #define HAVE_GETNAMEINFO 1
| #define HAVE_STRLCPY 1
| #define HAVE_INET_NTOP 1
| #define HAVE_SIGNAL 1
| #define HAVE_SIGACTION 1
| #define HAVE_STRTOLL 1
| #define SIZEOF_LONG 8
| #define DNS_USE_CPU_CLOCK_FOR_ID 1
| #define HAVE_SETFD 1
| #define HAVE_SELECT 1
| #define HAVE_POLL 1
| /* end confdefs.h.  */
| /* Define epoll_ctl to an innocuous variant, in case <limits.h> declares epoll_ctl.
|    For example, HP-UX 11i <limits.h> declares gettimeofday.  */
| #define epoll_ctl innocuous_epoll_ctl
| 
| /* System header to define __stub macros and hopefully few prototypes,
|     which can conflict with char epoll_ctl (); below.
|     Prefer <limits.h> to <assert.h> if __STDC__ is defined, since
|     <limits.h> exists even on freestanding compilers.  */
| 
| #ifdef __STDC__
| # include <limits.h>
| #else
| # include <assert.h>
| #endif
| 
| #undef epoll_ctl
| 
| /* Override any GCC internal prototype to avoid an error.
|    Use char because int might match the return type of a GCC
|    builtin and then its argument prototype would still apply.  */
| #ifdef __cplusplus
| extern "C"
| #endif
| char epoll_ctl ();
| /* The GNU C library defines this for functions which it implements
|     to always fail with ENOSYS.  Some functions are actually named
|     something starting with __ and the normal name is an alias.  */
| #if defined __stub_epoll_ctl || defined __stub___epoll_ctl
| choke me
| #endif
| 
| int
| main ()
| {
| return epoll_ctl ();
|   ;
|   return 0;
| }
configure:21931: result: no
configure:21979: checking for kqueue
configure:22035: gcc -o conftest -g -O2 -Wall -fno-strict-aliasing   conftest.c -lrt  >&5
configure:22042: $? = 0
configure:22064: result: yes
configure:22077: checking for working kqueue
configure:22141: gcc -o conftest -g -O2 -Wall -fno-strict-aliasing   conftest.c -lrt  >&5
conftest.c: In function 'main':
conftest.c:80: warning: implicit declaration of function 'exit'
conftest.c:80: warning: incompatible implicit declaration of built-in function 'exit'
configure:22145: $? = 0
configure:22151: ./conftest
configure:22155: $? = 0
configure:22157: result: yes
configure:22288: checking for port_create
configure:22344: gcc -o conftest -g -O2 -Wall -fno-strict-aliasing   conftest.c -lrt  >&5
/var/tmp//ccUjzvsL.o(.text+0x7): In function `main':
/home/wuzexiang/xy3project/trunk/3rd/libevent-1.4.12-stable/conftest.c:97: undefined reference to `port_create'
configure:22351: $? = 1
configure: failed program was:
| /* confdefs.h.  */
| #define PACKAGE_NAME ""
| #define PACKAGE_TARNAME ""
| #define PACKAGE_VERSION ""
| #define PACKAGE_STRING ""
| #define PACKAGE_BUGREPORT ""
| #define PACKAGE "libevent"
| #define VERSION "1.4.12-stable"
| #define STDC_HEADERS 1
| #define HAVE_SYS_TYPES_H 1
| #define HAVE_SYS_STAT_H 1
| #define HAVE_STDLIB_H 1
| #define HAVE_STRING_H 1
| #define HAVE_MEMORY_H 1
| #define HAVE_STRINGS_H 1
| #define HAVE_INTTYPES_H 1
| #define HAVE_STDINT_H 1
| #define HAVE_UNISTD_H 1
| #define HAVE_DLFCN_H 1
| #define HAVE_LIBRT 1
| #define STDC_HEADERS 1
| #define HAVE_FCNTL_H 1
| #define HAVE_STDARG_H 1
| #define HAVE_INTTYPES_H 1
| #define HAVE_STDINT_H 1
| #define HAVE_POLL_H 1
| #define HAVE_SIGNAL_H 1
| #define HAVE_UNISTD_H 1
| #define HAVE_SYS_TIME_H 1
| #define HAVE_SYS_QUEUE_H 1
| #define HAVE_SYS_EVENT_H 1
| #define HAVE_SYS_PARAM_H 1
| #define HAVE_SYS_IOCTL_H 1
| #define HAVE_SYS_SELECT_H 1
| #define HAVE_SYS_SOCKET_H 1
| #define HAVE_TAILQFOREACH 1
| #define HAVE_TIMERADD 1
| #define HAVE_TIMERCMP 1
| #define HAVE_TIMERCLEAR 1
| #define HAVE_TIMERISSET 1
| #define TIME_WITH_SYS_TIME 1
| #define HAVE_GETTIMEOFDAY 1
| #define HAVE_VASPRINTF 1
| #define HAVE_FCNTL 1
| #define HAVE_CLOCK_GETTIME 1
| #define HAVE_STRTOK_R 1
| #define HAVE_STRSEP 1
| #define HAVE_GETADDRINFO 1
| #define HAVE_GETNAMEINFO 1
| #define HAVE_STRLCPY 1
| #define HAVE_INET_NTOP 1
| #define HAVE_SIGNAL 1
| #define HAVE_SIGACTION 1
| #define HAVE_STRTOLL 1
| #define SIZEOF_LONG 8
| #define DNS_USE_CPU_CLOCK_FOR_ID 1
| #define HAVE_SETFD 1
| #define HAVE_SELECT 1
| #define HAVE_POLL 1
| #define HAVE_KQUEUE 1
| #define HAVE_WORKING_KQUEUE 1
| /* end confdefs.h.  */
| /* Define port_create to an innocuous variant, in case <limits.h> declares port_create.
|    For example, HP-UX 11i <limits.h> declares gettimeofday.  */
| #define port_create innocuous_port_create
| 
| /* System header to define __stub macros and hopefully few prototypes,
|     which can conflict with char port_create (); below.
|     Prefer <limits.h> to <assert.h> if __STDC__ is defined, since
|     <limits.h> exists even on freestanding compilers.  */
| 
| #ifdef __STDC__
| # include <limits.h>
| #else
| # include <assert.h>
| #endif
| 
| #undef port_create
| 
| /* Override any GCC internal prototype to avoid an error.
|    Use char because int might match the return type of a GCC
|    builtin and then its argument prototype would still apply.  */
| #ifdef __cplusplus
| extern "C"
| #endif
| char port_create ();
| /* The GNU C library defines this for functions which it implements
|     to always fail with ENOSYS.  Some functions are actually named
|     something starting with __ and the normal name is an alias.  */
| #if defined __stub_port_create || defined __stub___port_create
| choke me
| #endif
| 
| int
| main ()
| {
| return port_create ();
|   ;
|   return 0;
| }
configure:22373: result: no
configure:22414: checking for pid_t
configure:22442: gcc -c -g -O2 -Wall -fno-strict-aliasing  conftest.c >&5
configure:22449: $? = 0
configure:22476: gcc -c -g -O2 -Wall -fno-strict-aliasing  conftest.c >&5
conftest.c: In function 'main':
conftest.c:99: error: expected expression before ')' token
configure:22483: $? = 1
configure: failed program was:
| /* confdefs.h.  */
| #define PACKAGE_NAME ""
| #define PACKAGE_TARNAME ""
| #define PACKAGE_VERSION ""
| #define PACKAGE_STRING ""
| #define PACKAGE_BUGREPORT ""
| #define PACKAGE "libevent"
| #define VERSION "1.4.12-stable"
| #define STDC_HEADERS 1
| #define HAVE_SYS_TYPES_H 1
| #define HAVE_SYS_STAT_H 1
| #define HAVE_STDLIB_H 1
| #define HAVE_STRING_H 1
| #define HAVE_MEMORY_H 1
| #define HAVE_STRINGS_H 1
| #define HAVE_INTTYPES_H 1
| #define HAVE_STDINT_H 1
| #define HAVE_UNISTD_H 1
| #define HAVE_DLFCN_H 1
| #define HAVE_LIBRT 1
| #define STDC_HEADERS 1
| #define HAVE_FCNTL_H 1
| #define HAVE_STDARG_H 1
| #define HAVE_INTTYPES_H 1
| #define HAVE_STDINT_H 1
| #define HAVE_POLL_H 1
| #define HAVE_SIGNAL_H 1
| #define HAVE_UNISTD_H 1
| #define HAVE_SYS_TIME_H 1
| #define HAVE_SYS_QUEUE_H 1
| #define HAVE_SYS_EVENT_H 1
| #define HAVE_SYS_PARAM_H 1
| #define HAVE_SYS_IOCTL_H 1
| #define HAVE_SYS_SELECT_H 1
| #define HAVE_SYS_SOCKET_H 1
| #define HAVE_TAILQFOREACH 1
| #define HAVE_TIMERADD 1
| #define HAVE_TIMERCMP 1
| #define HAVE_TIMERCLEAR 1
| #define HAVE_TIMERISSET 1
| #define TIME_WITH_SYS_TIME 1
| #define HAVE_GETTIMEOFDAY 1
| #define HAVE_VASPRINTF 1
| #define HAVE_FCNTL 1
| #define HAVE_CLOCK_GETTIME 1
| #define HAVE_STRTOK_R 1
| #define HAVE_STRSEP 1
| #define HAVE_GETADDRINFO 1
| #define HAVE_GETNAMEINFO 1
| #define HAVE_STRLCPY 1
| #define HAVE_INET_NTOP 1
| #define HAVE_SIGNAL 1
| #define HAVE_SIGACTION 1
| #define HAVE_STRTOLL 1
| #define SIZEOF_LONG 8
| #define DNS_USE_CPU_CLOCK_FOR_ID 1
| #define HAVE_SETFD 1
| #define HAVE_SELECT 1
| #define HAVE_POLL 1
| #define HAVE_KQUEUE 1
| #define HAVE_WORKING_KQUEUE 1
| /* end confdefs.h.  */
| #include <stdio.h>
| #ifdef HAVE_SYS_TYPES_H
| # include <sys/types.h>
| #endif
| #ifdef HAVE_SYS_STAT_H
| # include <sys/stat.h>
| #endif
| #ifdef STDC_HEADERS
| # include <stdlib.h>
| # include <stddef.h>
| #else
| # ifdef HAVE_STDLIB_H
| #  include <stdlib.h>
| # endif
| #endif
| #ifdef HAVE_STRING_H
| # if !defined STDC_HEADERS && defined HAVE_MEMORY_H
| #  include <memory.h>
| # endif
| # include <string.h>
| #endif
| #ifdef HAVE_STRINGS_H
| # include <strings.h>
| #endif
| #ifdef HAVE_INTTYPES_H
| # include <inttypes.h>
| #endif
| #ifdef HAVE_STDINT_H
| # include <stdint.h>
| #endif
| #ifdef HAVE_UNISTD_H
| # include <unistd.h>
| #endif
| int
| main ()
| {
| if (sizeof ((pid_t)))
| 	  return 0;
|   ;
|   return 0;
| }
configure:22506: result: yes
configure:22518: checking for size_t
configure:22546: gcc -c -g -O2 -Wall -fno-strict-aliasing  conftest.c >&5
configure:22553: $? = 0
configure:22580: gcc -c -g -O2 -Wall -fno-strict-aliasing  conftest.c >&5
conftest.c: In function 'main':
conftest.c:99: error: expected expression before ')' token
configure:22587: $? = 1
configure: failed program was:
| /* confdefs.h.  */
| #define PACKAGE_NAME ""
| #define PACKAGE_TARNAME ""
| #define PACKAGE_VERSION ""
| #define PACKAGE_STRING ""
| #define PACKAGE_BUGREPORT ""
| #define PACKAGE "libevent"
| #define VERSION "1.4.12-stable"
| #define STDC_HEADERS 1
| #define HAVE_SYS_TYPES_H 1
| #define HAVE_SYS_STAT_H 1
| #define HAVE_STDLIB_H 1
| #define HAVE_STRING_H 1
| #define HAVE_MEMORY_H 1
| #define HAVE_STRINGS_H 1
| #define HAVE_INTTYPES_H 1
| #define HAVE_STDINT_H 1
| #define HAVE_UNISTD_H 1
| #define HAVE_DLFCN_H 1
| #define HAVE_LIBRT 1
| #define STDC_HEADERS 1
| #define HAVE_FCNTL_H 1
| #define HAVE_STDARG_H 1
| #define HAVE_INTTYPES_H 1
| #define HAVE_STDINT_H 1
| #define HAVE_POLL_H 1
| #define HAVE_SIGNAL_H 1
| #define HAVE_UNISTD_H 1
| #define HAVE_SYS_TIME_H 1
| #define HAVE_SYS_QUEUE_H 1
| #define HAVE_SYS_EVENT_H 1
| #define HAVE_SYS_PARAM_H 1
| #define HAVE_SYS_IOCTL_H 1
| #define HAVE_SYS_SELECT_H 1
| #define HAVE_SYS_SOCKET_H 1
| #define HAVE_TAILQFOREACH 1
| #define HAVE_TIMERADD 1
| #define HAVE_TIMERCMP 1
| #define HAVE_TIMERCLEAR 1
| #define HAVE_TIMERISSET 1
| #define TIME_WITH_SYS_TIME 1
| #define HAVE_GETTIMEOFDAY 1
| #define HAVE_VASPRINTF 1
| #define HAVE_FCNTL 1
| #define HAVE_CLOCK_GETTIME 1
| #define HAVE_STRTOK_R 1
| #define HAVE_STRSEP 1
| #define HAVE_GETADDRINFO 1
| #define HAVE_GETNAMEINFO 1
| #define HAVE_STRLCPY 1
| #define HAVE_INET_NTOP 1
| #define HAVE_SIGNAL 1
| #define HAVE_SIGACTION 1
| #define HAVE_STRTOLL 1
| #define SIZEOF_LONG 8
| #define DNS_USE_CPU_CLOCK_FOR_ID 1
| #define HAVE_SETFD 1
| #define HAVE_SELECT 1
| #define HAVE_POLL 1
| #define HAVE_KQUEUE 1
| #define HAVE_WORKING_KQUEUE 1
| /* end confdefs.h.  */
| #include <stdio.h>
| #ifdef HAVE_SYS_TYPES_H
| # include <sys/types.h>
| #endif
| #ifdef HAVE_SYS_STAT_H
| # include <sys/stat.h>
| #endif
| #ifdef STDC_HEADERS
| # include <stdlib.h>
| # include <stddef.h>
| #else
| # ifdef HAVE_STDLIB_H
| #  include <stdlib.h>
| # endif
| #endif
| #ifdef HAVE_STRING_H
| # if !defined STDC_HEADERS && defined HAVE_MEMORY_H
| #  include <memory.h>
| # endif
| # include <string.h>
| #endif
| #ifdef HAVE_STRINGS_H
| # include <strings.h>
| #endif
| #ifdef HAVE_INTTYPES_H
| # include <inttypes.h>
| #endif
| #ifdef HAVE_STDINT_H
| # include <stdint.h>
| #endif
| #ifdef HAVE_UNISTD_H
| # include <unistd.h>
| #endif
| int
| main ()
| {
| if (sizeof ((size_t)))
| 	  return 0;
|   ;
|   return 0;
| }
configure:22610: result: yes
configure:22622: checking for uint64_t
configure:22658: gcc -c -g -O2 -Wall -fno-strict-aliasing  conftest.c >&5
configure:22665: $? = 0
configure:22700: gcc -c -g -O2 -Wall -fno-strict-aliasing  conftest.c >&5
conftest.c: In function 'main':
conftest.c:75: error: expected expression before ')' token
configure:22707: $? = 1
configure: failed program was:
| /* confdefs.h.  */
| #define PACKAGE_NAME ""
| #define PACKAGE_TARNAME ""
| #define PACKAGE_VERSION ""
| #define PACKAGE_STRING ""
| #define PACKAGE_BUGREPORT ""
| #define PACKAGE "libevent"
| #define VERSION "1.4.12-stable"
| #define STDC_HEADERS 1
| #define HAVE_SYS_TYPES_H 1
| #define HAVE_SYS_STAT_H 1
| #define HAVE_STDLIB_H 1
| #define HAVE_STRING_H 1
| #define HAVE_MEMORY_H 1
| #define HAVE_STRINGS_H 1
| #define HAVE_INTTYPES_H 1
| #define HAVE_STDINT_H 1
| #define HAVE_UNISTD_H 1
| #define HAVE_DLFCN_H 1
| #define HAVE_LIBRT 1
| #define STDC_HEADERS 1
| #define HAVE_FCNTL_H 1
| #define HAVE_STDARG_H 1
| #define HAVE_INTTYPES_H 1
| #define HAVE_STDINT_H 1
| #define HAVE_POLL_H 1
| #define HAVE_SIGNAL_H 1
| #define HAVE_UNISTD_H 1
| #define HAVE_SYS_TIME_H 1
| #define HAVE_SYS_QUEUE_H 1
| #define HAVE_SYS_EVENT_H 1
| #define HAVE_SYS_PARAM_H 1
| #define HAVE_SYS_IOCTL_H 1
| #define HAVE_SYS_SELECT_H 1
| #define HAVE_SYS_SOCKET_H 1
| #define HAVE_TAILQFOREACH 1
| #define HAVE_TIMERADD 1
| #define HAVE_TIMERCMP 1
| #define HAVE_TIMERCLEAR 1
| #define HAVE_TIMERISSET 1
| #define TIME_WITH_SYS_TIME 1
| #define HAVE_GETTIMEOFDAY 1
| #define HAVE_VASPRINTF 1
| #define HAVE_FCNTL 1
| #define HAVE_CLOCK_GETTIME 1
| #define HAVE_STRTOK_R 1
| #define HAVE_STRSEP 1
| #define HAVE_GETADDRINFO 1
| #define HAVE_GETNAMEINFO 1
| #define HAVE_STRLCPY 1
| #define HAVE_INET_NTOP 1
| #define HAVE_SIGNAL 1
| #define HAVE_SIGACTION 1
| #define HAVE_STRTOLL 1
| #define SIZEOF_LONG 8
| #define DNS_USE_CPU_CLOCK_FOR_ID 1
| #define HAVE_SETFD 1
| #define HAVE_SELECT 1
| #define HAVE_POLL 1
| #define HAVE_KQUEUE 1
| #define HAVE_WORKING_KQUEUE 1
| /* end confdefs.h.  */
| #ifdef HAVE_STDINT_H
| #include <stdint.h>
| #elif defined(HAVE_INTTYPES_H)
| #include <inttypes.h>
| #endif
| #ifdef HAVE_SYS_TYPES_H
| #include <sys/types.h>
| #endif
| 
| int
| main ()
| {
| if (sizeof ((uint64_t)))
| 	  return 0;
|   ;
|   return 0;
| }
configure:22730: result: yes
configure:22740: checking for uint32_t
configure:22776: gcc -c -g -O2 -Wall -fno-strict-aliasing  conftest.c >&5
configure:22783: $? = 0
configure:22818: gcc -c -g -O2 -Wall -fno-strict-aliasing  conftest.c >&5
conftest.c: In function 'main':
conftest.c:76: error: expected expression before ')' token
configure:22825: $? = 1
configure: failed program was:
| /* confdefs.h.  */
| #define PACKAGE_NAME ""
| #define PACKAGE_TARNAME ""
| #define PACKAGE_VERSION ""
| #define PACKAGE_STRING ""
| #define PACKAGE_BUGREPORT ""
| #define PACKAGE "libevent"
| #define VERSION "1.4.12-stable"
| #define STDC_HEADERS 1
| #define HAVE_SYS_TYPES_H 1
| #define HAVE_SYS_STAT_H 1
| #define HAVE_STDLIB_H 1
| #define HAVE_STRING_H 1
| #define HAVE_MEMORY_H 1
| #define HAVE_STRINGS_H 1
| #define HAVE_INTTYPES_H 1
| #define HAVE_STDINT_H 1
| #define HAVE_UNISTD_H 1
| #define HAVE_DLFCN_H 1
| #define HAVE_LIBRT 1
| #define STDC_HEADERS 1
| #define HAVE_FCNTL_H 1
| #define HAVE_STDARG_H 1
| #define HAVE_INTTYPES_H 1
| #define HAVE_STDINT_H 1
| #define HAVE_POLL_H 1
| #define HAVE_SIGNAL_H 1
| #define HAVE_UNISTD_H 1
| #define HAVE_SYS_TIME_H 1
| #define HAVE_SYS_QUEUE_H 1
| #define HAVE_SYS_EVENT_H 1
| #define HAVE_SYS_PARAM_H 1
| #define HAVE_SYS_IOCTL_H 1
| #define HAVE_SYS_SELECT_H 1
| #define HAVE_SYS_SOCKET_H 1
| #define HAVE_TAILQFOREACH 1
| #define HAVE_TIMERADD 1
| #define HAVE_TIMERCMP 1
| #define HAVE_TIMERCLEAR 1
| #define HAVE_TIMERISSET 1
| #define TIME_WITH_SYS_TIME 1
| #define HAVE_GETTIMEOFDAY 1
| #define HAVE_VASPRINTF 1
| #define HAVE_FCNTL 1
| #define HAVE_CLOCK_GETTIME 1
| #define HAVE_STRTOK_R 1
| #define HAVE_STRSEP 1
| #define HAVE_GETADDRINFO 1
| #define HAVE_GETNAMEINFO 1
| #define HAVE_STRLCPY 1
| #define HAVE_INET_NTOP 1
| #define HAVE_SIGNAL 1
| #define HAVE_SIGACTION 1
| #define HAVE_STRTOLL 1
| #define SIZEOF_LONG 8
| #define DNS_USE_CPU_CLOCK_FOR_ID 1
| #define HAVE_SETFD 1
| #define HAVE_SELECT 1
| #define HAVE_POLL 1
| #define HAVE_KQUEUE 1
| #define HAVE_WORKING_KQUEUE 1
| #define HAVE_UINT64_T 1
| /* end confdefs.h.  */
| #ifdef HAVE_STDINT_H
| #include <stdint.h>
| #elif defined(HAVE_INTTYPES_H)
| #include <inttypes.h>
| #endif
| #ifdef HAVE_SYS_TYPES_H
| #include <sys/types.h>
| #endif
| 
| int
| main ()
| {
| if (sizeof ((uint32_t)))
| 	  return 0;
|   ;
|   return 0;
| }
configure:22848: result: yes
configure:22858: checking for uint16_t
configure:22894: gcc -c -g -O2 -Wall -fno-strict-aliasing  conftest.c >&5
configure:22901: $? = 0
configure:22936: gcc -c -g -O2 -Wall -fno-strict-aliasing  conftest.c >&5
conftest.c: In function 'main':
conftest.c:77: error: expected expression before ')' token
configure:22943: $? = 1
configure: failed program was:
| /* confdefs.h.  */
| #define PACKAGE_NAME ""
| #define PACKAGE_TARNAME ""
| #define PACKAGE_VERSION ""
| #define PACKAGE_STRING ""
| #define PACKAGE_BUGREPORT ""
| #define PACKAGE "libevent"
| #define VERSION "1.4.12-stable"
| #define STDC_HEADERS 1
| #define HAVE_SYS_TYPES_H 1
| #define HAVE_SYS_STAT_H 1
| #define HAVE_STDLIB_H 1
| #define HAVE_STRING_H 1
| #define HAVE_MEMORY_H 1
| #define HAVE_STRINGS_H 1
| #define HAVE_INTTYPES_H 1
| #define HAVE_STDINT_H 1
| #define HAVE_UNISTD_H 1
| #define HAVE_DLFCN_H 1
| #define HAVE_LIBRT 1
| #define STDC_HEADERS 1
| #define HAVE_FCNTL_H 1
| #define HAVE_STDARG_H 1
| #define HAVE_INTTYPES_H 1
| #define HAVE_STDINT_H 1
| #define HAVE_POLL_H 1
| #define HAVE_SIGNAL_H 1
| #define HAVE_UNISTD_H 1
| #define HAVE_SYS_TIME_H 1
| #define HAVE_SYS_QUEUE_H 1
| #define HAVE_SYS_EVENT_H 1
| #define HAVE_SYS_PARAM_H 1
| #define HAVE_SYS_IOCTL_H 1
| #define HAVE_SYS_SELECT_H 1
| #define HAVE_SYS_SOCKET_H 1
| #define HAVE_TAILQFOREACH 1
| #define HAVE_TIMERADD 1
| #define HAVE_TIMERCMP 1
| #define HAVE_TIMERCLEAR 1
| #define HAVE_TIMERISSET 1
| #define TIME_WITH_SYS_TIME 1
| #define HAVE_GETTIMEOFDAY 1
| #define HAVE_VASPRINTF 1
| #define HAVE_FCNTL 1
| #define HAVE_CLOCK_GETTIME 1
| #define HAVE_STRTOK_R 1
| #define HAVE_STRSEP 1
| #define HAVE_GETADDRINFO 1
| #define HAVE_GETNAMEINFO 1
| #define HAVE_STRLCPY 1
| #define HAVE_INET_NTOP 1
| #define HAVE_SIGNAL 1
| #define HAVE_SIGACTION 1
| #define HAVE_STRTOLL 1
| #define SIZEOF_LONG 8
| #define DNS_USE_CPU_CLOCK_FOR_ID 1
| #define HAVE_SETFD 1
| #define HAVE_SELECT 1
| #define HAVE_POLL 1
| #define HAVE_KQUEUE 1
| #define HAVE_WORKING_KQUEUE 1
| #define HAVE_UINT64_T 1
| #define HAVE_UINT32_T 1
| /* end confdefs.h.  */
| #ifdef HAVE_STDINT_H
| #include <stdint.h>
| #elif defined(HAVE_INTTYPES_H)
| #include <inttypes.h>
| #endif
| #ifdef HAVE_SYS_TYPES_H
| #include <sys/types.h>
| #endif
| 
| int
| main ()
| {
| if (sizeof ((uint16_t)))
| 	  return 0;
|   ;
|   return 0;
| }
configure:22966: result: yes
configure:22976: checking for uint8_t
configure:23012: gcc -c -g -O2 -Wall -fno-strict-aliasing  conftest.c >&5
configure:23019: $? = 0
configure:23054: gcc -c -g -O2 -Wall -fno-strict-aliasing  conftest.c >&5
conftest.c: In function 'main':
conftest.c:78: error: expected expression before ')' token
configure:23061: $? = 1
configure: failed program was:
| /* confdefs.h.  */
| #define PACKAGE_NAME ""
| #define PACKAGE_TARNAME ""
| #define PACKAGE_VERSION ""
| #define PACKAGE_STRING ""
| #define PACKAGE_BUGREPORT ""
| #define PACKAGE "libevent"
| #define VERSION "1.4.12-stable"
| #define STDC_HEADERS 1
| #define HAVE_SYS_TYPES_H 1
| #define HAVE_SYS_STAT_H 1
| #define HAVE_STDLIB_H 1
| #define HAVE_STRING_H 1
| #define HAVE_MEMORY_H 1
| #define HAVE_STRINGS_H 1
| #define HAVE_INTTYPES_H 1
| #define HAVE_STDINT_H 1
| #define HAVE_UNISTD_H 1
| #define HAVE_DLFCN_H 1
| #define HAVE_LIBRT 1
| #define STDC_HEADERS 1
| #define HAVE_FCNTL_H 1
| #define HAVE_STDARG_H 1
| #define HAVE_INTTYPES_H 1
| #define HAVE_STDINT_H 1
| #define HAVE_POLL_H 1
| #define HAVE_SIGNAL_H 1
| #define HAVE_UNISTD_H 1
| #define HAVE_SYS_TIME_H 1
| #define HAVE_SYS_QUEUE_H 1
| #define HAVE_SYS_EVENT_H 1
| #define HAVE_SYS_PARAM_H 1
| #define HAVE_SYS_IOCTL_H 1
| #define HAVE_SYS_SELECT_H 1
| #define HAVE_SYS_SOCKET_H 1
| #define HAVE_TAILQFOREACH 1
| #define HAVE_TIMERADD 1
| #define HAVE_TIMERCMP 1
| #define HAVE_TIMERCLEAR 1
| #define HAVE_TIMERISSET 1
| #define TIME_WITH_SYS_TIME 1
| #define HAVE_GETTIMEOFDAY 1
| #define HAVE_VASPRINTF 1
| #define HAVE_FCNTL 1
| #define HAVE_CLOCK_GETTIME 1
| #define HAVE_STRTOK_R 1
| #define HAVE_STRSEP 1
| #define HAVE_GETADDRINFO 1
| #define HAVE_GETNAMEINFO 1
| #define HAVE_STRLCPY 1
| #define HAVE_INET_NTOP 1
| #define HAVE_SIGNAL 1
| #define HAVE_SIGACTION 1
| #define HAVE_STRTOLL 1
| #define SIZEOF_LONG 8
| #define DNS_USE_CPU_CLOCK_FOR_ID 1
| #define HAVE_SETFD 1
| #define HAVE_SELECT 1
| #define HAVE_POLL 1
| #define HAVE_KQUEUE 1
| #define HAVE_WORKING_KQUEUE 1
| #define HAVE_UINT64_T 1
| #define HAVE_UINT32_T 1
| #define HAVE_UINT16_T 1
| /* end confdefs.h.  */
| #ifdef HAVE_STDINT_H
| #include <stdint.h>
| #elif defined(HAVE_INTTYPES_H)
| #include <inttypes.h>
| #endif
| #ifdef HAVE_SYS_TYPES_H
| #include <sys/types.h>
| #endif
| 
| int
| main ()
| {
| if (sizeof ((uint8_t)))
| 	  return 0;
|   ;
|   return 0;
| }
configure:23084: result: yes
configure:23099: checking size of long long
configure:23404: gcc -o conftest -g -O2 -Wall -fno-strict-aliasing   conftest.c -lrt  >&5
configure:23408: $? = 0
configure:23414: ./conftest
configure:23418: $? = 0
configure:23444: result: 8
configure:23458: checking size of int
configure:23763: gcc -o conftest -g -O2 -Wall -fno-strict-aliasing   conftest.c -lrt  >&5
configure:23767: $? = 0
configure:23773: ./conftest
configure:23777: $? = 0
configure:23803: result: 4
configure:23817: checking size of short
configure:24122: gcc -o conftest -g -O2 -Wall -fno-strict-aliasing   conftest.c -lrt  >&5
configure:24126: $? = 0
configure:24132: ./conftest
configure:24136: $? = 0
configure:24162: result: 2
configure:24172: checking for struct in6_addr
configure:24210: gcc -c -g -O2 -Wall -fno-strict-aliasing  conftest.c >&5
configure:24217: $? = 0
configure:24254: gcc -c -g -O2 -Wall -fno-strict-aliasing  conftest.c >&5
conftest.c: In function 'main':
conftest.c:84: error: expected expression before ')' token
configure:24261: $? = 1
configure: failed program was:
| /* confdefs.h.  */
| #define PACKAGE_NAME ""
| #define PACKAGE_TARNAME ""
| #define PACKAGE_VERSION ""
| #define PACKAGE_STRING ""
| #define PACKAGE_BUGREPORT ""
| #define PACKAGE "libevent"
| #define VERSION "1.4.12-stable"
| #define STDC_HEADERS 1
| #define HAVE_SYS_TYPES_H 1
| #define HAVE_SYS_STAT_H 1
| #define HAVE_STDLIB_H 1
| #define HAVE_STRING_H 1
| #define HAVE_MEMORY_H 1
| #define HAVE_STRINGS_H 1
| #define HAVE_INTTYPES_H 1
| #define HAVE_STDINT_H 1
| #define HAVE_UNISTD_H 1
| #define HAVE_DLFCN_H 1
| #define HAVE_LIBRT 1
| #define STDC_HEADERS 1
| #define HAVE_FCNTL_H 1
| #define HAVE_STDARG_H 1
| #define HAVE_INTTYPES_H 1
| #define HAVE_STDINT_H 1
| #define HAVE_POLL_H 1
| #define HAVE_SIGNAL_H 1
| #define HAVE_UNISTD_H 1
| #define HAVE_SYS_TIME_H 1
| #define HAVE_SYS_QUEUE_H 1
| #define HAVE_SYS_EVENT_H 1
| #define HAVE_SYS_PARAM_H 1
| #define HAVE_SYS_IOCTL_H 1
| #define HAVE_SYS_SELECT_H 1
| #define HAVE_SYS_SOCKET_H 1
| #define HAVE_TAILQFOREACH 1
| #define HAVE_TIMERADD 1
| #define HAVE_TIMERCMP 1
| #define HAVE_TIMERCLEAR 1
| #define HAVE_TIMERISSET 1
| #define TIME_WITH_SYS_TIME 1
| #define HAVE_GETTIMEOFDAY 1
| #define HAVE_VASPRINTF 1
| #define HAVE_FCNTL 1
| #define HAVE_CLOCK_GETTIME 1
| #define HAVE_STRTOK_R 1
| #define HAVE_STRSEP 1
| #define HAVE_GETADDRINFO 1
| #define HAVE_GETNAMEINFO 1
| #define HAVE_STRLCPY 1
| #define HAVE_INET_NTOP 1
| #define HAVE_SIGNAL 1
| #define HAVE_SIGACTION 1
| #define HAVE_STRTOLL 1
| #define SIZEOF_LONG 8
| #define DNS_USE_CPU_CLOCK_FOR_ID 1
| #define HAVE_SETFD 1
| #define HAVE_SELECT 1
| #define HAVE_POLL 1
| #define HAVE_KQUEUE 1
| #define HAVE_WORKING_KQUEUE 1
| #define HAVE_UINT64_T 1
| #define HAVE_UINT32_T 1
| #define HAVE_UINT16_T 1
| #define HAVE_UINT8_T 1
| #define SIZEOF_LONG_LONG 8
| #define SIZEOF_INT 4
| #define SIZEOF_SHORT 2
| /* end confdefs.h.  */
| #ifdef WIN32
| #include <winsock2.h>
| #else
| #include <sys/types.h>
| #include <netinet/in.h>
| #include <sys/socket.h>
| #endif
| #ifdef HAVE_NETINET_IN6_H
| #include <netinet/in6.h>
| #endif
| 
| int
| main ()
| {
| if (sizeof ((struct in6_addr)))
| 	  return 0;
|   ;
|   return 0;
| }
configure:24284: result: yes
configure:24296: checking for socklen_t
configure:24321: gcc -c -g -O2 -Wall -fno-strict-aliasing  conftest.c >&5
conftest.c: In function 'main':
conftest.c:77: warning: unused variable 'x'
configure:24328: $? = 0
configure:24333: result: yes
configure:24351: checking whether our compiler supports __func__
configure:24374: gcc -c -g -O2 -Wall -fno-strict-aliasing  conftest.c >&5
conftest.c: In function 'main':
conftest.c:75: warning: unused variable 'cp'
configure:24381: $? = 0
configure:24386: result: yes
configure:24702: creating ./config.status

## ---------------------- ##
## Running config.status. ##
## ---------------------- ##

This file was extended by config.status, which was
generated by GNU Autoconf 2.63.  Invocation command line was

  CONFIG_FILES    = 
  CONFIG_HEADERS  = 
  CONFIG_LINKS    = 
  CONFIG_COMMANDS = 
  $ ./config.status 

on 

config.status:851: creating Makefile
config.status:851: creating test/Makefile
config.status:851: creating sample/Makefile
config.status:851: creating config.h
config.status:1125: executing depfiles commands

## ---------------- ##
## Cache variables. ##
## ---------------- ##

ac_cv_build=x86_64-unknown-freebsd7.3
ac_cv_c_compiler_gnu=yes
ac_cv_c_const=yes
ac_cv_c_inline=inline
ac_cv_cxx_compiler_gnu=yes
ac_cv_env_CCC_set=''
ac_cv_env_CCC_value=''
ac_cv_env_CC_set=''
ac_cv_env_CC_value=''
ac_cv_env_CFLAGS_set=''
ac_cv_env_CFLAGS_value=''
ac_cv_env_CPPFLAGS_set=''
ac_cv_env_CPPFLAGS_value=''
ac_cv_env_CPP_set=''
ac_cv_env_CPP_value=''
ac_cv_env_CXXCPP_set=''
ac_cv_env_CXXCPP_value=''
ac_cv_env_CXXFLAGS_set=''
ac_cv_env_CXXFLAGS_value=''
ac_cv_env_CXX_set=''
ac_cv_env_CXX_value=''
ac_cv_env_F77_set=''
ac_cv_env_F77_value=''
ac_cv_env_FFLAGS_set=''
ac_cv_env_FFLAGS_value=''
ac_cv_env_LDFLAGS_set=''
ac_cv_env_LDFLAGS_value=''
ac_cv_env_LIBS_set=''
ac_cv_env_LIBS_value=''
ac_cv_env_build_alias_set=''
ac_cv_env_build_alias_value=''
ac_cv_env_host_alias_set=''
ac_cv_env_host_alias_value=''
ac_cv_env_target_alias_set=''
ac_cv_env_target_alias_value=''
ac_cv_f77_compiler_gnu=no
ac_cv_func_clock_gettime=yes
ac_cv_func_epoll_ctl=no
ac_cv_func_fcntl=yes
ac_cv_func_getaddrinfo=yes
ac_cv_func_getnameinfo=yes
ac_cv_func_gettimeofday=yes
ac_cv_func_inet_ntop=yes
ac_cv_func_kqueue=yes
ac_cv_func_poll=yes
ac_cv_func_port_create=no
ac_cv_func_select=yes
ac_cv_func_sigaction=yes
ac_cv_func_signal=yes
ac_cv_func_strlcpy=yes
ac_cv_func_strsep=yes
ac_cv_func_strtok_r=yes
ac_cv_func_strtoll=yes
ac_cv_func_vasprintf=yes
ac_cv_header_dlfcn_h=yes
ac_cv_header_fcntl_h=yes
ac_cv_header_inttypes_h=yes
ac_cv_header_memory_h=yes
ac_cv_header_netinet_in6_h=no
ac_cv_header_poll_h=yes
ac_cv_header_port_h=no
ac_cv_header_signal_h=yes
ac_cv_header_stdarg_h=yes
ac_cv_header_stdc=yes
ac_cv_header_stdint_h=yes
ac_cv_header_stdlib_h=yes
ac_cv_header_string_h=yes
ac_cv_header_strings_h=yes
ac_cv_header_sys_devpoll_h=no
ac_cv_header_sys_epoll_h=no
ac_cv_header_sys_event_h=yes
ac_cv_header_sys_ioctl_h=yes
ac_cv_header_sys_param_h=yes
ac_cv_header_sys_queue_h=yes
ac_cv_header_sys_select_h=yes
ac_cv_header_sys_socket_h=yes
ac_cv_header_sys_stat_h=yes
ac_cv_header_sys_time_h=yes
ac_cv_header_sys_types_h=yes
ac_cv_header_time=yes
ac_cv_header_unistd_h=yes
ac_cv_host=x86_64-unknown-freebsd7.3
ac_cv_lib_nsl_inet_ntoa=no
ac_cv_lib_resolv_inet_aton=no
ac_cv_lib_rt_clock_gettime=yes
ac_cv_lib_socket_socket=no
ac_cv_objext=o
ac_cv_path_EGREP='/usr/bin/grep -E'
ac_cv_path_GREP=/usr/bin/grep
ac_cv_path_install='/usr/bin/install -c'
ac_cv_prog_AWK=nawk
ac_cv_prog_CPP='gcc -E'
ac_cv_prog_CXXCPP='g++ -E'
ac_cv_prog_ac_ct_AR=ar
ac_cv_prog_ac_ct_CC=gcc
ac_cv_prog_ac_ct_CXX=g++
ac_cv_prog_ac_ct_RANLIB=ranlib
ac_cv_prog_ac_ct_STRIP=strip
ac_cv_prog_cc_c89=''
ac_cv_prog_cc_g=yes
ac_cv_prog_cxx_g=yes
ac_cv_prog_f77_g=no
ac_cv_prog_gcc_traditional=no
ac_cv_prog_make_make_set=yes
ac_cv_sizeof_int=4
ac_cv_sizeof_long=8
ac_cv_sizeof_long_long=8
ac_cv_sizeof_short=2
ac_cv_type_pid_t=yes
ac_cv_type_size_t=yes
ac_cv_type_struct_in6_addr=yes
ac_cv_type_uint16_t=yes
ac_cv_type_uint32_t=yes
ac_cv_type_uint64_t=yes
ac_cv_type_uint8_t=yes
am_cv_CC_dependencies_compiler_type=none
am_cv_CXX_dependencies_compiler_type=none
lt_cv_deplibs_check_method=pass_all
lt_cv_file_magic_cmd='$MAGIC_CMD'
lt_cv_file_magic_test_file=''
lt_cv_ld_reload_flag=-r
lt_cv_objdir=.libs
lt_cv_path_LD=/usr/bin/ld
lt_cv_path_LDCXX=/usr/bin/ld
lt_cv_path_NM='/usr/bin/nm -B'
lt_cv_path_SED=/usr/bin/sed
lt_cv_prog_compiler_c_o=yes
lt_cv_prog_compiler_c_o_CXX=yes
lt_cv_prog_compiler_pic_works=yes
lt_cv_prog_compiler_pic_works_CXX=yes
lt_cv_prog_compiler_rtti_exceptions=no
lt_cv_prog_compiler_static_works=yes
lt_cv_prog_compiler_static_works_CXX=yes
lt_cv_prog_gnu_ld=yes
lt_cv_prog_gnu_ldcxx=yes
lt_cv_sys_global_symbol_pipe='sed -n -e '\''s/^.*[ 	]\([ABCDGIRSTW][ABCDGIRSTW]*\)[ 	][ 	]*\([_A-Za-z][_A-Za-z0-9]*\)$/\1 \2 \2/p'\'''
lt_cv_sys_global_symbol_to_c_name_address='sed -n -e '\''s/^: \([^ ]*\) $/  {\"\1\", (lt_ptr) 0},/p'\'' -e '\''s/^[BCDEGRST] \([^ ]*\) \([^ ]*\)$/  {"\2", (lt_ptr) \&\2},/p'\'''
lt_cv_sys_global_symbol_to_cdecl='sed -n -e '\''s/^. .* \(.*\)$/extern int \1;/p'\'''
lt_cv_sys_lib_dlsearch_path_spec='/lib /usr/lib'
lt_cv_sys_lib_search_path_spec=/usr/lib
lt_cv_sys_max_cmd_len=196608
lt_lt_cv_prog_compiler_c_o='"yes"'
lt_lt_cv_prog_compiler_c_o_CXX='"yes"'
lt_lt_cv_sys_global_symbol_pipe='"sed -n -e '\''s/^.*[ 	]\\([ABCDGIRSTW][ABCDGIRSTW]*\\)[ 	][ 	]*\\([_A-Za-z][_A-Za-z0-9]*\\)\$/\\1 \\2 \\2/p'\''"'
lt_lt_cv_sys_global_symbol_to_c_name_address='"sed -n -e '\''s/^: \\([^ ]*\\) \$/  {\\\"\\1\\\", (lt_ptr) 0},/p'\'' -e '\''s/^[BCDEGRST] \\([^ ]*\\) \\([^ ]*\\)\$/  {\"\\2\", (lt_ptr) \\&\\2},/p'\''"'
lt_lt_cv_sys_global_symbol_to_cdecl='"sed -n -e '\''s/^. .* \\(.*\\)\$/extern int \\1;/p'\''"'

## ----------------- ##
## Output variables. ##
## ----------------- ##

ACLOCAL='${SHELL} /home/wuzexiang/xy3project/trunk/3rd/libevent-1.4.12-stable/missing --run aclocal-1.10'
AMDEPBACKSLASH='\'
AMDEP_FALSE='#'
AMDEP_TRUE=''
AMTAR='${SHELL} /home/wuzexiang/xy3project/trunk/3rd/libevent-1.4.12-stable/missing --run tar'
AR='ar'
AUTOCONF='${SHELL} /home/wuzexiang/xy3project/trunk/3rd/libevent-1.4.12-stable/missing --run autoconf'
AUTOHEADER='${SHELL} /home/wuzexiang/xy3project/trunk/3rd/libevent-1.4.12-stable/missing --run autoheader'
AUTOMAKE='${SHELL} /home/wuzexiang/xy3project/trunk/3rd/libevent-1.4.12-stable/missing --run automake-1.10'
AWK='nawk'
BUILD_WIN32_FALSE=''
BUILD_WIN32_TRUE='#'
CC='gcc'
CCDEPMODE='depmode=none'
CFLAGS='-g -O2 -Wall -fno-strict-aliasing'
CPP='gcc -E'
CPPFLAGS=''
CXX='g++'
CXXCPP='g++ -E'
CXXDEPMODE='depmode=none'
CXXFLAGS='-g -O2'
CYGPATH_W='echo'
DEFS='-DHAVE_CONFIG_H'
DEPDIR='.deps'
DSYMUTIL=''
ECHO='echo'
ECHO_C=''
ECHO_N='-n'
ECHO_T=''
EGREP='/usr/bin/grep -E'
EXEEXT=''
F77=''
FFLAGS=''
GREP='/usr/bin/grep'
INSTALL_DATA='${INSTALL} -m 644'
INSTALL_PROGRAM='${INSTALL}'
INSTALL_SCRIPT='${INSTALL}'
INSTALL_STRIP_PROGRAM='$(install_sh) -c -s'
LDFLAGS=''
LIBOBJS=' ${LIBOBJDIR}select$U.o ${LIBOBJDIR}poll$U.o ${LIBOBJDIR}kqueue$U.o ${LIBOBJDIR}signal$U.o'
LIBS='-lrt '
LIBTOOL='$(SHELL) $(top_builddir)/libtool'
LIBTOOL_DEPS='./ltmain.sh'
LN_S='ln -s'
LTLIBOBJS=' ${LIBOBJDIR}select$U.lo ${LIBOBJDIR}poll$U.lo ${LIBOBJDIR}kqueue$U.lo ${LIBOBJDIR}signal$U.lo'
MAKEINFO='${SHELL} /home/wuzexiang/xy3project/trunk/3rd/libevent-1.4.12-stable/missing --run makeinfo'
MKDIR_P='./install-sh -c -d'
NMEDIT=''
OBJEXT='o'
PACKAGE='libevent'
PACKAGE_BUGREPORT=''
PACKAGE_NAME=''
PACKAGE_STRING=''
PACKAGE_TARNAME=''
PACKAGE_VERSION=''
PATH_SEPARATOR=':'
RANLIB='ranlib'
SED='/usr/bin/sed'
SET_MAKE=''
SHELL='/bin/sh'
STRIP='strip'
VERSION='1.4.12-stable'
ac_ct_CC='gcc'
ac_ct_CXX='g++'
ac_ct_F77=''
am__fastdepCC_FALSE=''
am__fastdepCC_TRUE='#'
am__fastdepCXX_FALSE=''
am__fastdepCXX_TRUE='#'
am__include='include'
am__isrc=''
am__leading_dot='.'
am__quote=''
am__tar='${AMTAR} chof - "$$tardir"'
am__untar='${AMTAR} xf -'
bindir='${exec_prefix}/bin'
build='x86_64-unknown-freebsd7.3'
build_alias=''
build_cpu='x86_64'
build_os='freebsd7.3'
build_vendor='unknown'
datadir='${datarootdir}'
datarootdir='${prefix}/share'
docdir='${datarootdir}/doc/${PACKAGE}'
dvidir='${docdir}'
exec_prefix='${prefix}'
host='x86_64-unknown-freebsd7.3'
host_alias=''
host_cpu='x86_64'
host_os='freebsd7.3'
host_vendor='unknown'
htmldir='${docdir}'
includedir='${prefix}/include'
infodir='${datarootdir}/info'
install_sh='$(SHELL) /home/wuzexiang/xy3project/trunk/3rd/libevent-1.4.12-stable/install-sh'
libdir='${exec_prefix}/lib'
libexecdir='${exec_prefix}/libexec'
localedir='${datarootdir}/locale'
localstatedir='${prefix}/var'
mandir='${datarootdir}/man'
mkdir_p='$(top_builddir)/./install-sh -c -d'
oldincludedir='/usr/include'
pdfdir='${docdir}'
prefix='/usr/local'
program_transform_name='s,x,x,'
psdir='${docdir}'
sbindir='${exec_prefix}/sbin'
sharedstatedir='${prefix}/com'
sysconfdir='${prefix}/etc'
target_alias=''

## ----------- ##
## confdefs.h. ##
## ----------- ##

#define PACKAGE_NAME ""
#define PACKAGE_TARNAME ""
#define PACKAGE_VERSION ""
#define PACKAGE_STRING ""
#define PACKAGE_BUGREPORT ""
#define PACKAGE "libevent"
#define VERSION "1.4.12-stable"
#define STDC_HEADERS 1
#define HAVE_SYS_TYPES_H 1
#define HAVE_SYS_STAT_H 1
#define HAVE_STDLIB_H 1
#define HAVE_STRING_H 1
#define HAVE_MEMORY_H 1
#define HAVE_STRINGS_H 1
#define HAVE_INTTYPES_H 1
#define HAVE_STDINT_H 1
#define HAVE_UNISTD_H 1
#define HAVE_DLFCN_H 1
#define HAVE_LIBRT 1
#define STDC_HEADERS 1
#define HAVE_FCNTL_H 1
#define HAVE_STDARG_H 1
#define HAVE_INTTYPES_H 1
#define HAVE_STDINT_H 1
#define HAVE_POLL_H 1
#define HAVE_SIGNAL_H 1
#define HAVE_UNISTD_H 1
#define HAVE_SYS_TIME_H 1
#define HAVE_SYS_QUEUE_H 1
#define HAVE_SYS_EVENT_H 1
#define HAVE_SYS_PARAM_H 1
#define HAVE_SYS_IOCTL_H 1
#define HAVE_SYS_SELECT_H 1
#define HAVE_SYS_SOCKET_H 1
#define HAVE_TAILQFOREACH 1
#define HAVE_TIMERADD 1
#define HAVE_TIMERCMP 1
#define HAVE_TIMERCLEAR 1
#define HAVE_TIMERISSET 1
#define TIME_WITH_SYS_TIME 1
#define HAVE_GETTIMEOFDAY 1
#define HAVE_VASPRINTF 1
#define HAVE_FCNTL 1
#define HAVE_CLOCK_GETTIME 1
#define HAVE_STRTOK_R 1
#define HAVE_STRSEP 1
#define HAVE_GETADDRINFO 1
#define HAVE_GETNAMEINFO 1
#define HAVE_STRLCPY 1
#define HAVE_INET_NTOP 1
#define HAVE_SIGNAL 1
#define HAVE_SIGACTION 1
#define HAVE_STRTOLL 1
#define SIZEOF_LONG 8
#define DNS_USE_CPU_CLOCK_FOR_ID 1
#define HAVE_SETFD 1
#define HAVE_SELECT 1
#define HAVE_POLL 1
#define HAVE_KQUEUE 1
#define HAVE_WORKING_KQUEUE 1
#define HAVE_UINT64_T 1
#define HAVE_UINT32_T 1
#define HAVE_UINT16_T 1
#define HAVE_UINT8_T 1
#define SIZEOF_LONG_LONG 8
#define SIZEOF_INT 4
#define SIZEOF_SHORT 2
#define HAVE_STRUCT_IN6_ADDR 1

configure: exit 0
